   0  $accept : %entry% $end

   1  program : many_declarations EOF

   2  many_declarations : declaration
   3                    | declaration many_declarations

   4  declaration : attribute_decl
   5              | one_class_decl
   6              | one_method_decl

   7  one_class_decl : CLASS ID LCURBRA list_members_decl RCURBRA
   8                 | CLASS ID EXTENDS ID LCURBRA list_members_decl RCURBRA

   9  one_method_decl : return_type ID DOUBLECOLON ID LPAREN list_params RPAREN block_stmt
  10                  | ID DOUBLECOLON ID LPAREN list_params RPAREN block_stmt

  11  list_members_decl :
  12                    | member_decl list_members_decl

  13  list_params :
  14              | combine_var_decl
  15              | combine_var_decl SEMICOLON another_param

  16  member_decl : attribute_decl
  17              | method_prototype

  18  combine_var_decl : list_id COLON value_type

  19  another_param : combine_var_decl
  20                | combine_var_decl SEMICOLON another_param

  21  list_attributes_decl : attribute_decl
  22                       | attribute_decl list_attributes_decl

  23  list_statements : statement
  24                  | statement list_statements

  25  attribute_decl : variables_decl
  26                 | constants_decl

  27  method_prototype : one_method
  28                   | constructor

  29  variables_decl : list_id COLON value_type SEMICOLON

  30  constants_decl : ID ASSIGN_CONST expr SEMICOLON

  31  list_id : ID
  32          | ID COMMA list_id

  33  one_method : return_type ID LPAREN list_params RPAREN SEMICOLON

  34  constructor : ID LPAREN list_params RPAREN SEMICOLON

  35  list_expr : expr
  36            | expr COMMA list_expr

  37  statement : block_stmt
  38            | assignment_stmt
  39            | if_stmt
  40            | WHILE expr DO statement
  41            | REPEAT list_statements UNTIL expr SEMICOLON
  42            | for_stmt
  43            | BREAK SEMICOLON
  44            | CONTINUE SEMICOLON
  45            | RETURN expr SEMICOLON
  46            | method_invocation_stmt

  47  block_stmt : LCURBRA RCURBRA
  48             | LCURBRA list_statements RCURBRA
  49             | LCURBRA list_attributes_decl RCURBRA
  50             | LCURBRA bullshit_list RCURBRA

  51  bullshit_list : attribute_decl bullshit_list
  52                | attribute_decl list_statements

  53  assignment_stmt : lhs ASSIGN expr SEMICOLON

  54  lhs : ID
  55      | expr DOT ID
  56      | expr LSQBRA expr RSQBRA

  57  if_stmt : IF expr THEN statement
  58          | IF expr THEN statement ELSE statement

  59  for_stmt : FOR ID ASSIGN expr TO expr DO statement
  60           | FOR ID ASSIGN expr DOWNTO expr DO statement

  61  method_invocation_stmt : expr DOT ID LPAREN list_expr RPAREN SEMICOLON
  62                         | expr DOT ID LPAREN RPAREN SEMICOLON

  63  expr : ID
  64       | INT_LIT
  65       | FLOAT_LIT
  66       | BOOL_LIT
  67       | STRING_LIT
  68       | SELF
  69       | NULL
  70       | LPAREN expr RPAREN
  71       | arithmetic_expr
  72       | boolean_expr
  73       | relational_expr
  74       | expr CONCAT expr
  75       | expr LSQBRA expr RSQBRA
  76       | member_access
  77       | object_creation

  78  arithmetic_expr : ADD expr
  79                  | SUB expr
  80                  | expr ADD expr
  81                  | expr SUB expr
  82                  | expr MUL expr
  83                  | expr INT_DIV expr
  84                  | expr FLOAT_DIV expr
  85                  | expr MOD expr

  86  boolean_expr : expr LOGIC_AND expr
  87               | expr LOGIC_OR expr
  88               | LOGIC_NOT expr

  89  relational_expr : expr EQUAL expr
  90                  | expr NEQUAL expr
  91                  | expr GREATER expr
  92                  | expr LESS expr
  93                  | expr GREATER_EQUAL expr
  94                  | expr LESS_EQUAL expr

  95  member_access : expr DOT ID
  96                | expr DOT ID LPAREN RPAREN
  97                | expr DOT ID LPAREN list_expr RPAREN

  98  object_creation : NEW ID LPAREN RPAREN
  99                  | NEW ID LPAREN list_expr RPAREN

 100  return_type : value_type
 101              | VOID

 102  value_type : element_type
 103             | array

 104  array : element_type LSQBRA INT_LIT RSQBRA

 105  element_type : primitive
 106               | classtype

 107  primitive : INTEGER
 108            | FLOAT
 109            | STRING
 110            | BOOL

 111  classtype : ID

 112  %entry% : '\001' program

state 0
	$accept : . %entry% $end  (0)

	'\001'  shift 1
	.  error

	%entry%  goto 2


state 1
	%entry% : '\001' . program  (112)

	ID  shift 3
	INTEGER  shift 4
	BOOL  shift 5
	STRING  shift 6
	FLOAT  shift 7
	VOID  shift 8
	CLASS  shift 9
	.  error

	program  goto 10
	many_declarations  goto 11
	declaration  goto 12
	attribute_decl  goto 13
	one_class_decl  goto 14
	one_method_decl  goto 15
	return_type  goto 16
	list_id  goto 17
	value_type  goto 18
	variables_decl  goto 19
	constants_decl  goto 20
	element_type  goto 21
	array  goto 22
	primitive  goto 23
	classtype  goto 24


state 2
	$accept : %entry% . $end  (0)

	$end  accept


state 3
	one_method_decl : ID . DOUBLECOLON ID LPAREN list_params RPAREN block_stmt  (10)
	constants_decl : ID . ASSIGN_CONST expr SEMICOLON  (30)
	list_id : ID .  (31)
	list_id : ID . COMMA list_id  (32)
	classtype : ID .  (111)

	DOUBLECOLON  shift 25
	COMMA  shift 26
	ASSIGN_CONST  shift 27
	ID  reduce 111
	LSQBRA  reduce 111
	COLON  reduce 31


state 4
	primitive : INTEGER .  (107)

	.  reduce 107


state 5
	primitive : BOOL .  (110)

	.  reduce 110


state 6
	primitive : STRING .  (109)

	.  reduce 109


state 7
	primitive : FLOAT .  (108)

	.  reduce 108


state 8
	return_type : VOID .  (101)

	.  reduce 101


state 9
	one_class_decl : CLASS . ID LCURBRA list_members_decl RCURBRA  (7)
	one_class_decl : CLASS . ID EXTENDS ID LCURBRA list_members_decl RCURBRA  (8)

	ID  shift 28
	.  error


state 10
	%entry% : '\001' program .  (112)

	.  reduce 112


state 11
	program : many_declarations . EOF  (1)

	EOF  shift 29
	.  error


state 12
	many_declarations : declaration .  (2)
	many_declarations : declaration . many_declarations  (3)

	ID  shift 3
	INTEGER  shift 4
	BOOL  shift 5
	STRING  shift 6
	FLOAT  shift 7
	VOID  shift 8
	CLASS  shift 9
	EOF  reduce 2

	many_declarations  goto 30
	declaration  goto 12
	attribute_decl  goto 13
	one_class_decl  goto 14
	one_method_decl  goto 15
	return_type  goto 16
	list_id  goto 17
	value_type  goto 18
	variables_decl  goto 19
	constants_decl  goto 20
	element_type  goto 21
	array  goto 22
	primitive  goto 23
	classtype  goto 24


state 13
	declaration : attribute_decl .  (4)

	.  reduce 4


state 14
	declaration : one_class_decl .  (5)

	.  reduce 5


state 15
	declaration : one_method_decl .  (6)

	.  reduce 6


state 16
	one_method_decl : return_type . ID DOUBLECOLON ID LPAREN list_params RPAREN block_stmt  (9)

	ID  shift 31
	.  error


state 17
	variables_decl : list_id . COLON value_type SEMICOLON  (29)

	COLON  shift 32
	.  error


state 18
	return_type : value_type .  (100)

	.  reduce 100


state 19
	attribute_decl : variables_decl .  (25)

	.  reduce 25


state 20
	attribute_decl : constants_decl .  (26)

	.  reduce 26


state 21
	value_type : element_type .  (102)
	array : element_type . LSQBRA INT_LIT RSQBRA  (104)

	LSQBRA  shift 33
	ID  reduce 102
	RPAREN  reduce 102
	SEMICOLON  reduce 102


state 22
	value_type : array .  (103)

	.  reduce 103


state 23
	element_type : primitive .  (105)

	.  reduce 105


state 24
	element_type : classtype .  (106)

	.  reduce 106


state 25
	one_method_decl : ID DOUBLECOLON . ID LPAREN list_params RPAREN block_stmt  (10)

	ID  shift 34
	.  error


state 26
	list_id : ID COMMA . list_id  (32)

	ID  shift 35
	.  error

	list_id  goto 36


state 27
	constants_decl : ID ASSIGN_CONST . expr SEMICOLON  (30)

	ID  shift 37
	LPAREN  shift 38
	STRING_LIT  shift 39
	FLOAT_LIT  shift 40
	INT_LIT  shift 41
	BOOL_LIT  shift 42
	NULL  shift 43
	SELF  shift 44
	NEW  shift 45
	ADD  shift 46
	SUB  shift 47
	LOGIC_NOT  shift 48
	.  error

	expr  goto 49
	arithmetic_expr  goto 50
	boolean_expr  goto 51
	relational_expr  goto 52
	member_access  goto 53
	object_creation  goto 54


state 28
	one_class_decl : CLASS ID . LCURBRA list_members_decl RCURBRA  (7)
	one_class_decl : CLASS ID . EXTENDS ID LCURBRA list_members_decl RCURBRA  (8)

	LCURBRA  shift 55
	EXTENDS  shift 56
	.  error


state 29
	program : many_declarations EOF .  (1)

	.  reduce 1


state 30
	many_declarations : declaration many_declarations .  (3)

	.  reduce 3


state 31
	one_method_decl : return_type ID . DOUBLECOLON ID LPAREN list_params RPAREN block_stmt  (9)

	DOUBLECOLON  shift 57
	.  error


state 32
	variables_decl : list_id COLON . value_type SEMICOLON  (29)

	ID  shift 58
	INTEGER  shift 4
	BOOL  shift 5
	STRING  shift 6
	FLOAT  shift 7
	.  error

	value_type  goto 59
	element_type  goto 21
	array  goto 22
	primitive  goto 23
	classtype  goto 24


state 33
	array : element_type LSQBRA . INT_LIT RSQBRA  (104)

	INT_LIT  shift 60
	.  error


state 34
	one_method_decl : ID DOUBLECOLON ID . LPAREN list_params RPAREN block_stmt  (10)

	LPAREN  shift 61
	.  error


state 35
	list_id : ID .  (31)
	list_id : ID . COMMA list_id  (32)

	COMMA  shift 26
	COLON  reduce 31


state 36
	list_id : ID COMMA list_id .  (32)

	.  reduce 32


state 37
	expr : ID .  (63)

	.  reduce 63


state 38
	expr : LPAREN . expr RPAREN  (70)

	ID  shift 37
	LPAREN  shift 38
	STRING_LIT  shift 39
	FLOAT_LIT  shift 40
	INT_LIT  shift 41
	BOOL_LIT  shift 42
	NULL  shift 43
	SELF  shift 44
	NEW  shift 45
	ADD  shift 46
	SUB  shift 47
	LOGIC_NOT  shift 48
	.  error

	expr  goto 62
	arithmetic_expr  goto 50
	boolean_expr  goto 51
	relational_expr  goto 52
	member_access  goto 53
	object_creation  goto 54


state 39
	expr : STRING_LIT .  (67)

	.  reduce 67


state 40
	expr : FLOAT_LIT .  (65)

	.  reduce 65


state 41
	expr : INT_LIT .  (64)

	.  reduce 64


state 42
	expr : BOOL_LIT .  (66)

	.  reduce 66


state 43
	expr : NULL .  (69)

	.  reduce 69


state 44
	expr : SELF .  (68)

	.  reduce 68


state 45
	object_creation : NEW . ID LPAREN RPAREN  (98)
	object_creation : NEW . ID LPAREN list_expr RPAREN  (99)

	ID  shift 63
	.  error


state 46
	arithmetic_expr : ADD . expr  (78)

	ID  shift 37
	LPAREN  shift 38
	STRING_LIT  shift 39
	FLOAT_LIT  shift 40
	INT_LIT  shift 41
	BOOL_LIT  shift 42
	NULL  shift 43
	SELF  shift 44
	NEW  shift 45
	ADD  shift 46
	SUB  shift 47
	LOGIC_NOT  shift 48
	.  error

	expr  goto 64
	arithmetic_expr  goto 50
	boolean_expr  goto 51
	relational_expr  goto 52
	member_access  goto 53
	object_creation  goto 54


state 47
	arithmetic_expr : SUB . expr  (79)

	ID  shift 37
	LPAREN  shift 38
	STRING_LIT  shift 39
	FLOAT_LIT  shift 40
	INT_LIT  shift 41
	BOOL_LIT  shift 42
	NULL  shift 43
	SELF  shift 44
	NEW  shift 45
	ADD  shift 46
	SUB  shift 47
	LOGIC_NOT  shift 48
	.  error

	expr  goto 65
	arithmetic_expr  goto 50
	boolean_expr  goto 51
	relational_expr  goto 52
	member_access  goto 53
	object_creation  goto 54


state 48
	boolean_expr : LOGIC_NOT . expr  (88)

	ID  shift 37
	LPAREN  shift 38
	STRING_LIT  shift 39
	FLOAT_LIT  shift 40
	INT_LIT  shift 41
	BOOL_LIT  shift 42
	NULL  shift 43
	SELF  shift 44
	NEW  shift 45
	ADD  shift 46
	SUB  shift 47
	LOGIC_NOT  shift 48
	.  error

	expr  goto 66
	arithmetic_expr  goto 50
	boolean_expr  goto 51
	relational_expr  goto 52
	member_access  goto 53
	object_creation  goto 54


state 49
	constants_decl : ID ASSIGN_CONST expr . SEMICOLON  (30)
	expr : expr . CONCAT expr  (74)
	expr : expr . LSQBRA expr RSQBRA  (75)
	arithmetic_expr : expr . ADD expr  (80)
	arithmetic_expr : expr . SUB expr  (81)
	arithmetic_expr : expr . MUL expr  (82)
	arithmetic_expr : expr . INT_DIV expr  (83)
	arithmetic_expr : expr . FLOAT_DIV expr  (84)
	arithmetic_expr : expr . MOD expr  (85)
	boolean_expr : expr . LOGIC_AND expr  (86)
	boolean_expr : expr . LOGIC_OR expr  (87)
	relational_expr : expr . EQUAL expr  (89)
	relational_expr : expr . NEQUAL expr  (90)
	relational_expr : expr . GREATER expr  (91)
	relational_expr : expr . LESS expr  (92)
	relational_expr : expr . GREATER_EQUAL expr  (93)
	relational_expr : expr . LESS_EQUAL expr  (94)
	member_access : expr . DOT ID  (95)
	member_access : expr . DOT ID LPAREN RPAREN  (96)
	member_access : expr . DOT ID LPAREN list_expr RPAREN  (97)

	LSQBRA  shift 67
	SEMICOLON  shift 68
	DOT  shift 69
	ADD  shift 70
	SUB  shift 71
	MUL  shift 72
	INT_DIV  shift 73
	FLOAT_DIV  shift 74
	MOD  shift 75
	LESS  shift 76
	LESS_EQUAL  shift 77
	NEQUAL  shift 78
	CONCAT  shift 79
	EQUAL  shift 80
	GREATER  shift 81
	GREATER_EQUAL  shift 82
	LOGIC_AND  shift 83
	LOGIC_OR  shift 84
	.  error


state 50
	expr : arithmetic_expr .  (71)

	.  reduce 71


state 51
	expr : boolean_expr .  (72)

	.  reduce 72


state 52
	expr : relational_expr .  (73)

	.  reduce 73


state 53
	expr : member_access .  (76)

	.  reduce 76


state 54
	expr : object_creation .  (77)

	.  reduce 77


state 55
	one_class_decl : CLASS ID LCURBRA . list_members_decl RCURBRA  (7)
	list_members_decl : .  (11)

	ID  shift 85
	INTEGER  shift 4
	BOOL  shift 5
	STRING  shift 6
	FLOAT  shift 7
	VOID  shift 8
	RCURBRA  reduce 11

	attribute_decl  goto 86
	list_members_decl  goto 87
	return_type  goto 88
	member_decl  goto 89
	method_prototype  goto 90
	list_id  goto 17
	value_type  goto 18
	variables_decl  goto 19
	constants_decl  goto 20
	one_method  goto 91
	constructor  goto 92
	element_type  goto 21
	array  goto 22
	primitive  goto 23
	classtype  goto 24


state 56
	one_class_decl : CLASS ID EXTENDS . ID LCURBRA list_members_decl RCURBRA  (8)

	ID  shift 93
	.  error


state 57
	one_method_decl : return_type ID DOUBLECOLON . ID LPAREN list_params RPAREN block_stmt  (9)

	ID  shift 94
	.  error


state 58
	classtype : ID .  (111)

	.  reduce 111


state 59
	variables_decl : list_id COLON value_type . SEMICOLON  (29)

	SEMICOLON  shift 95
	.  error


state 60
	array : element_type LSQBRA INT_LIT . RSQBRA  (104)

	RSQBRA  shift 96
	.  error


state 61
	one_method_decl : ID DOUBLECOLON ID LPAREN . list_params RPAREN block_stmt  (10)
	list_params : .  (13)

	ID  shift 35
	RPAREN  reduce 13

	list_params  goto 97
	combine_var_decl  goto 98
	list_id  goto 99


state 62
	expr : LPAREN expr . RPAREN  (70)
	expr : expr . CONCAT expr  (74)
	expr : expr . LSQBRA expr RSQBRA  (75)
	arithmetic_expr : expr . ADD expr  (80)
	arithmetic_expr : expr . SUB expr  (81)
	arithmetic_expr : expr . MUL expr  (82)
	arithmetic_expr : expr . INT_DIV expr  (83)
	arithmetic_expr : expr . FLOAT_DIV expr  (84)
	arithmetic_expr : expr . MOD expr  (85)
	boolean_expr : expr . LOGIC_AND expr  (86)
	boolean_expr : expr . LOGIC_OR expr  (87)
	relational_expr : expr . EQUAL expr  (89)
	relational_expr : expr . NEQUAL expr  (90)
	relational_expr : expr . GREATER expr  (91)
	relational_expr : expr . LESS expr  (92)
	relational_expr : expr . GREATER_EQUAL expr  (93)
	relational_expr : expr . LESS_EQUAL expr  (94)
	member_access : expr . DOT ID  (95)
	member_access : expr . DOT ID LPAREN RPAREN  (96)
	member_access : expr . DOT ID LPAREN list_expr RPAREN  (97)

	RPAREN  shift 100
	LSQBRA  shift 67
	DOT  shift 69
	ADD  shift 70
	SUB  shift 71
	MUL  shift 72
	INT_DIV  shift 73
	FLOAT_DIV  shift 74
	MOD  shift 75
	LESS  shift 76
	LESS_EQUAL  shift 77
	NEQUAL  shift 78
	CONCAT  shift 79
	EQUAL  shift 80
	GREATER  shift 81
	GREATER_EQUAL  shift 82
	LOGIC_AND  shift 83
	LOGIC_OR  shift 84
	.  error


state 63
	object_creation : NEW ID . LPAREN RPAREN  (98)
	object_creation : NEW ID . LPAREN list_expr RPAREN  (99)

	LPAREN  shift 101
	.  error


state 64
	expr : expr . CONCAT expr  (74)
	expr : expr . LSQBRA expr RSQBRA  (75)
	arithmetic_expr : ADD expr .  (78)
	arithmetic_expr : expr . ADD expr  (80)
	arithmetic_expr : expr . SUB expr  (81)
	arithmetic_expr : expr . MUL expr  (82)
	arithmetic_expr : expr . INT_DIV expr  (83)
	arithmetic_expr : expr . FLOAT_DIV expr  (84)
	arithmetic_expr : expr . MOD expr  (85)
	boolean_expr : expr . LOGIC_AND expr  (86)
	boolean_expr : expr . LOGIC_OR expr  (87)
	relational_expr : expr . EQUAL expr  (89)
	relational_expr : expr . NEQUAL expr  (90)
	relational_expr : expr . GREATER expr  (91)
	relational_expr : expr . LESS expr  (92)
	relational_expr : expr . GREATER_EQUAL expr  (93)
	relational_expr : expr . LESS_EQUAL expr  (94)
	member_access : expr . DOT ID  (95)
	member_access : expr . DOT ID LPAREN RPAREN  (96)
	member_access : expr . DOT ID LPAREN list_expr RPAREN  (97)

	LSQBRA  shift 67
	DOT  shift 69
	RPAREN  reduce 78
	RSQBRA  reduce 78
	SEMICOLON  reduce 78
	COMMA  reduce 78
	THEN  reduce 78
	TO  reduce 78
	DO  reduce 78
	DOWNTO  reduce 78
	ADD  reduce 78
	SUB  reduce 78
	MUL  reduce 78
	INT_DIV  reduce 78
	FLOAT_DIV  reduce 78
	MOD  reduce 78
	LESS  reduce 78
	LESS_EQUAL  reduce 78
	NEQUAL  reduce 78
	CONCAT  reduce 78
	EQUAL  reduce 78
	GREATER  reduce 78
	GREATER_EQUAL  reduce 78
	LOGIC_AND  reduce 78
	LOGIC_OR  reduce 78


state 65
	expr : expr . CONCAT expr  (74)
	expr : expr . LSQBRA expr RSQBRA  (75)
	arithmetic_expr : SUB expr .  (79)
	arithmetic_expr : expr . ADD expr  (80)
	arithmetic_expr : expr . SUB expr  (81)
	arithmetic_expr : expr . MUL expr  (82)
	arithmetic_expr : expr . INT_DIV expr  (83)
	arithmetic_expr : expr . FLOAT_DIV expr  (84)
	arithmetic_expr : expr . MOD expr  (85)
	boolean_expr : expr . LOGIC_AND expr  (86)
	boolean_expr : expr . LOGIC_OR expr  (87)
	relational_expr : expr . EQUAL expr  (89)
	relational_expr : expr . NEQUAL expr  (90)
	relational_expr : expr . GREATER expr  (91)
	relational_expr : expr . LESS expr  (92)
	relational_expr : expr . GREATER_EQUAL expr  (93)
	relational_expr : expr . LESS_EQUAL expr  (94)
	member_access : expr . DOT ID  (95)
	member_access : expr . DOT ID LPAREN RPAREN  (96)
	member_access : expr . DOT ID LPAREN list_expr RPAREN  (97)

	LSQBRA  shift 67
	DOT  shift 69
	RPAREN  reduce 79
	RSQBRA  reduce 79
	SEMICOLON  reduce 79
	COMMA  reduce 79
	THEN  reduce 79
	TO  reduce 79
	DO  reduce 79
	DOWNTO  reduce 79
	ADD  reduce 79
	SUB  reduce 79
	MUL  reduce 79
	INT_DIV  reduce 79
	FLOAT_DIV  reduce 79
	MOD  reduce 79
	LESS  reduce 79
	LESS_EQUAL  reduce 79
	NEQUAL  reduce 79
	CONCAT  reduce 79
	EQUAL  reduce 79
	GREATER  reduce 79
	GREATER_EQUAL  reduce 79
	LOGIC_AND  reduce 79
	LOGIC_OR  reduce 79


state 66
	expr : expr . CONCAT expr  (74)
	expr : expr . LSQBRA expr RSQBRA  (75)
	arithmetic_expr : expr . ADD expr  (80)
	arithmetic_expr : expr . SUB expr  (81)
	arithmetic_expr : expr . MUL expr  (82)
	arithmetic_expr : expr . INT_DIV expr  (83)
	arithmetic_expr : expr . FLOAT_DIV expr  (84)
	arithmetic_expr : expr . MOD expr  (85)
	boolean_expr : expr . LOGIC_AND expr  (86)
	boolean_expr : expr . LOGIC_OR expr  (87)
	boolean_expr : LOGIC_NOT expr .  (88)
	relational_expr : expr . EQUAL expr  (89)
	relational_expr : expr . NEQUAL expr  (90)
	relational_expr : expr . GREATER expr  (91)
	relational_expr : expr . LESS expr  (92)
	relational_expr : expr . GREATER_EQUAL expr  (93)
	relational_expr : expr . LESS_EQUAL expr  (94)
	member_access : expr . DOT ID  (95)
	member_access : expr . DOT ID LPAREN RPAREN  (96)
	member_access : expr . DOT ID LPAREN list_expr RPAREN  (97)

	LSQBRA  shift 67
	DOT  shift 69
	RPAREN  reduce 88
	RSQBRA  reduce 88
	SEMICOLON  reduce 88
	COMMA  reduce 88
	THEN  reduce 88
	TO  reduce 88
	DO  reduce 88
	DOWNTO  reduce 88
	ADD  reduce 88
	SUB  reduce 88
	MUL  reduce 88
	INT_DIV  reduce 88
	FLOAT_DIV  reduce 88
	MOD  reduce 88
	LESS  reduce 88
	LESS_EQUAL  reduce 88
	NEQUAL  reduce 88
	CONCAT  reduce 88
	EQUAL  reduce 88
	GREATER  reduce 88
	GREATER_EQUAL  reduce 88
	LOGIC_AND  reduce 88
	LOGIC_OR  reduce 88


state 67
	expr : expr LSQBRA . expr RSQBRA  (75)

	ID  shift 37
	LPAREN  shift 38
	STRING_LIT  shift 39
	FLOAT_LIT  shift 40
	INT_LIT  shift 41
	BOOL_LIT  shift 42
	NULL  shift 43
	SELF  shift 44
	NEW  shift 45
	ADD  shift 46
	SUB  shift 47
	LOGIC_NOT  shift 48
	.  error

	expr  goto 102
	arithmetic_expr  goto 50
	boolean_expr  goto 51
	relational_expr  goto 52
	member_access  goto 53
	object_creation  goto 54


state 68
	constants_decl : ID ASSIGN_CONST expr SEMICOLON .  (30)

	.  reduce 30


state 69
	member_access : expr DOT . ID  (95)
	member_access : expr DOT . ID LPAREN RPAREN  (96)
	member_access : expr DOT . ID LPAREN list_expr RPAREN  (97)

	ID  shift 103
	.  error


state 70
	arithmetic_expr : expr ADD . expr  (80)

	ID  shift 37
	LPAREN  shift 38
	STRING_LIT  shift 39
	FLOAT_LIT  shift 40
	INT_LIT  shift 41
	BOOL_LIT  shift 42
	NULL  shift 43
	SELF  shift 44
	NEW  shift 45
	ADD  shift 46
	SUB  shift 47
	LOGIC_NOT  shift 48
	.  error

	expr  goto 104
	arithmetic_expr  goto 50
	boolean_expr  goto 51
	relational_expr  goto 52
	member_access  goto 53
	object_creation  goto 54


state 71
	arithmetic_expr : expr SUB . expr  (81)

	ID  shift 37
	LPAREN  shift 38
	STRING_LIT  shift 39
	FLOAT_LIT  shift 40
	INT_LIT  shift 41
	BOOL_LIT  shift 42
	NULL  shift 43
	SELF  shift 44
	NEW  shift 45
	ADD  shift 46
	SUB  shift 47
	LOGIC_NOT  shift 48
	.  error

	expr  goto 105
	arithmetic_expr  goto 50
	boolean_expr  goto 51
	relational_expr  goto 52
	member_access  goto 53
	object_creation  goto 54


state 72
	arithmetic_expr : expr MUL . expr  (82)

	ID  shift 37
	LPAREN  shift 38
	STRING_LIT  shift 39
	FLOAT_LIT  shift 40
	INT_LIT  shift 41
	BOOL_LIT  shift 42
	NULL  shift 43
	SELF  shift 44
	NEW  shift 45
	ADD  shift 46
	SUB  shift 47
	LOGIC_NOT  shift 48
	.  error

	expr  goto 106
	arithmetic_expr  goto 50
	boolean_expr  goto 51
	relational_expr  goto 52
	member_access  goto 53
	object_creation  goto 54


state 73
	arithmetic_expr : expr INT_DIV . expr  (83)

	ID  shift 37
	LPAREN  shift 38
	STRING_LIT  shift 39
	FLOAT_LIT  shift 40
	INT_LIT  shift 41
	BOOL_LIT  shift 42
	NULL  shift 43
	SELF  shift 44
	NEW  shift 45
	ADD  shift 46
	SUB  shift 47
	LOGIC_NOT  shift 48
	.  error

	expr  goto 107
	arithmetic_expr  goto 50
	boolean_expr  goto 51
	relational_expr  goto 52
	member_access  goto 53
	object_creation  goto 54


state 74
	arithmetic_expr : expr FLOAT_DIV . expr  (84)

	ID  shift 37
	LPAREN  shift 38
	STRING_LIT  shift 39
	FLOAT_LIT  shift 40
	INT_LIT  shift 41
	BOOL_LIT  shift 42
	NULL  shift 43
	SELF  shift 44
	NEW  shift 45
	ADD  shift 46
	SUB  shift 47
	LOGIC_NOT  shift 48
	.  error

	expr  goto 108
	arithmetic_expr  goto 50
	boolean_expr  goto 51
	relational_expr  goto 52
	member_access  goto 53
	object_creation  goto 54


state 75
	arithmetic_expr : expr MOD . expr  (85)

	ID  shift 37
	LPAREN  shift 38
	STRING_LIT  shift 39
	FLOAT_LIT  shift 40
	INT_LIT  shift 41
	BOOL_LIT  shift 42
	NULL  shift 43
	SELF  shift 44
	NEW  shift 45
	ADD  shift 46
	SUB  shift 47
	LOGIC_NOT  shift 48
	.  error

	expr  goto 109
	arithmetic_expr  goto 50
	boolean_expr  goto 51
	relational_expr  goto 52
	member_access  goto 53
	object_creation  goto 54


state 76
	relational_expr : expr LESS . expr  (92)

	ID  shift 37
	LPAREN  shift 38
	STRING_LIT  shift 39
	FLOAT_LIT  shift 40
	INT_LIT  shift 41
	BOOL_LIT  shift 42
	NULL  shift 43
	SELF  shift 44
	NEW  shift 45
	ADD  shift 46
	SUB  shift 47
	LOGIC_NOT  shift 48
	.  error

	expr  goto 110
	arithmetic_expr  goto 50
	boolean_expr  goto 51
	relational_expr  goto 52
	member_access  goto 53
	object_creation  goto 54


state 77
	relational_expr : expr LESS_EQUAL . expr  (94)

	ID  shift 37
	LPAREN  shift 38
	STRING_LIT  shift 39
	FLOAT_LIT  shift 40
	INT_LIT  shift 41
	BOOL_LIT  shift 42
	NULL  shift 43
	SELF  shift 44
	NEW  shift 45
	ADD  shift 46
	SUB  shift 47
	LOGIC_NOT  shift 48
	.  error

	expr  goto 111
	arithmetic_expr  goto 50
	boolean_expr  goto 51
	relational_expr  goto 52
	member_access  goto 53
	object_creation  goto 54


state 78
	relational_expr : expr NEQUAL . expr  (90)

	ID  shift 37
	LPAREN  shift 38
	STRING_LIT  shift 39
	FLOAT_LIT  shift 40
	INT_LIT  shift 41
	BOOL_LIT  shift 42
	NULL  shift 43
	SELF  shift 44
	NEW  shift 45
	ADD  shift 46
	SUB  shift 47
	LOGIC_NOT  shift 48
	.  error

	expr  goto 112
	arithmetic_expr  goto 50
	boolean_expr  goto 51
	relational_expr  goto 52
	member_access  goto 53
	object_creation  goto 54


state 79
	expr : expr CONCAT . expr  (74)

	ID  shift 37
	LPAREN  shift 38
	STRING_LIT  shift 39
	FLOAT_LIT  shift 40
	INT_LIT  shift 41
	BOOL_LIT  shift 42
	NULL  shift 43
	SELF  shift 44
	NEW  shift 45
	ADD  shift 46
	SUB  shift 47
	LOGIC_NOT  shift 48
	.  error

	expr  goto 113
	arithmetic_expr  goto 50
	boolean_expr  goto 51
	relational_expr  goto 52
	member_access  goto 53
	object_creation  goto 54


state 80
	relational_expr : expr EQUAL . expr  (89)

	ID  shift 37
	LPAREN  shift 38
	STRING_LIT  shift 39
	FLOAT_LIT  shift 40
	INT_LIT  shift 41
	BOOL_LIT  shift 42
	NULL  shift 43
	SELF  shift 44
	NEW  shift 45
	ADD  shift 46
	SUB  shift 47
	LOGIC_NOT  shift 48
	.  error

	expr  goto 114
	arithmetic_expr  goto 50
	boolean_expr  goto 51
	relational_expr  goto 52
	member_access  goto 53
	object_creation  goto 54


state 81
	relational_expr : expr GREATER . expr  (91)

	ID  shift 37
	LPAREN  shift 38
	STRING_LIT  shift 39
	FLOAT_LIT  shift 40
	INT_LIT  shift 41
	BOOL_LIT  shift 42
	NULL  shift 43
	SELF  shift 44
	NEW  shift 45
	ADD  shift 46
	SUB  shift 47
	LOGIC_NOT  shift 48
	.  error

	expr  goto 115
	arithmetic_expr  goto 50
	boolean_expr  goto 51
	relational_expr  goto 52
	member_access  goto 53
	object_creation  goto 54


state 82
	relational_expr : expr GREATER_EQUAL . expr  (93)

	ID  shift 37
	LPAREN  shift 38
	STRING_LIT  shift 39
	FLOAT_LIT  shift 40
	INT_LIT  shift 41
	BOOL_LIT  shift 42
	NULL  shift 43
	SELF  shift 44
	NEW  shift 45
	ADD  shift 46
	SUB  shift 47
	LOGIC_NOT  shift 48
	.  error

	expr  goto 116
	arithmetic_expr  goto 50
	boolean_expr  goto 51
	relational_expr  goto 52
	member_access  goto 53
	object_creation  goto 54


state 83
	boolean_expr : expr LOGIC_AND . expr  (86)

	ID  shift 37
	LPAREN  shift 38
	STRING_LIT  shift 39
	FLOAT_LIT  shift 40
	INT_LIT  shift 41
	BOOL_LIT  shift 42
	NULL  shift 43
	SELF  shift 44
	NEW  shift 45
	ADD  shift 46
	SUB  shift 47
	LOGIC_NOT  shift 48
	.  error

	expr  goto 117
	arithmetic_expr  goto 50
	boolean_expr  goto 51
	relational_expr  goto 52
	member_access  goto 53
	object_creation  goto 54


state 84
	boolean_expr : expr LOGIC_OR . expr  (87)

	ID  shift 37
	LPAREN  shift 38
	STRING_LIT  shift 39
	FLOAT_LIT  shift 40
	INT_LIT  shift 41
	BOOL_LIT  shift 42
	NULL  shift 43
	SELF  shift 44
	NEW  shift 45
	ADD  shift 46
	SUB  shift 47
	LOGIC_NOT  shift 48
	.  error

	expr  goto 118
	arithmetic_expr  goto 50
	boolean_expr  goto 51
	relational_expr  goto 52
	member_access  goto 53
	object_creation  goto 54


state 85
	constants_decl : ID . ASSIGN_CONST expr SEMICOLON  (30)
	list_id : ID .  (31)
	list_id : ID . COMMA list_id  (32)
	constructor : ID . LPAREN list_params RPAREN SEMICOLON  (34)
	classtype : ID .  (111)

	LPAREN  shift 119
	COMMA  shift 26
	ASSIGN_CONST  shift 27
	ID  reduce 111
	LSQBRA  reduce 111
	COLON  reduce 31


state 86
	member_decl : attribute_decl .  (16)

	.  reduce 16


state 87
	one_class_decl : CLASS ID LCURBRA list_members_decl . RCURBRA  (7)

	RCURBRA  shift 120
	.  error


state 88
	one_method : return_type . ID LPAREN list_params RPAREN SEMICOLON  (33)

	ID  shift 121
	.  error


state 89
	list_members_decl : member_decl . list_members_decl  (12)
	list_members_decl : .  (11)

	ID  shift 85
	INTEGER  shift 4
	BOOL  shift 5
	STRING  shift 6
	FLOAT  shift 7
	VOID  shift 8
	RCURBRA  reduce 11

	attribute_decl  goto 86
	list_members_decl  goto 122
	return_type  goto 88
	member_decl  goto 89
	method_prototype  goto 90
	list_id  goto 17
	value_type  goto 18
	variables_decl  goto 19
	constants_decl  goto 20
	one_method  goto 91
	constructor  goto 92
	element_type  goto 21
	array  goto 22
	primitive  goto 23
	classtype  goto 24


state 90
	member_decl : method_prototype .  (17)

	.  reduce 17


state 91
	method_prototype : one_method .  (27)

	.  reduce 27


state 92
	method_prototype : constructor .  (28)

	.  reduce 28


state 93
	one_class_decl : CLASS ID EXTENDS ID . LCURBRA list_members_decl RCURBRA  (8)

	LCURBRA  shift 123
	.  error


state 94
	one_method_decl : return_type ID DOUBLECOLON ID . LPAREN list_params RPAREN block_stmt  (9)

	LPAREN  shift 124
	.  error


state 95
	variables_decl : list_id COLON value_type SEMICOLON .  (29)

	.  reduce 29


state 96
	array : element_type LSQBRA INT_LIT RSQBRA .  (104)

	.  reduce 104


state 97
	one_method_decl : ID DOUBLECOLON ID LPAREN list_params . RPAREN block_stmt  (10)

	RPAREN  shift 125
	.  error


state 98
	list_params : combine_var_decl .  (14)
	list_params : combine_var_decl . SEMICOLON another_param  (15)

	SEMICOLON  shift 126
	RPAREN  reduce 14


state 99
	combine_var_decl : list_id . COLON value_type  (18)

	COLON  shift 127
	.  error


state 100
	expr : LPAREN expr RPAREN .  (70)

	.  reduce 70


state 101
	object_creation : NEW ID LPAREN . RPAREN  (98)
	object_creation : NEW ID LPAREN . list_expr RPAREN  (99)

	ID  shift 37
	LPAREN  shift 38
	RPAREN  shift 128
	STRING_LIT  shift 39
	FLOAT_LIT  shift 40
	INT_LIT  shift 41
	BOOL_LIT  shift 42
	NULL  shift 43
	SELF  shift 44
	NEW  shift 45
	ADD  shift 46
	SUB  shift 47
	LOGIC_NOT  shift 48
	.  error

	expr  goto 129
	list_expr  goto 130
	arithmetic_expr  goto 50
	boolean_expr  goto 51
	relational_expr  goto 52
	member_access  goto 53
	object_creation  goto 54


state 102
	expr : expr . CONCAT expr  (74)
	expr : expr . LSQBRA expr RSQBRA  (75)
	expr : expr LSQBRA expr . RSQBRA  (75)
	arithmetic_expr : expr . ADD expr  (80)
	arithmetic_expr : expr . SUB expr  (81)
	arithmetic_expr : expr . MUL expr  (82)
	arithmetic_expr : expr . INT_DIV expr  (83)
	arithmetic_expr : expr . FLOAT_DIV expr  (84)
	arithmetic_expr : expr . MOD expr  (85)
	boolean_expr : expr . LOGIC_AND expr  (86)
	boolean_expr : expr . LOGIC_OR expr  (87)
	relational_expr : expr . EQUAL expr  (89)
	relational_expr : expr . NEQUAL expr  (90)
	relational_expr : expr . GREATER expr  (91)
	relational_expr : expr . LESS expr  (92)
	relational_expr : expr . GREATER_EQUAL expr  (93)
	relational_expr : expr . LESS_EQUAL expr  (94)
	member_access : expr . DOT ID  (95)
	member_access : expr . DOT ID LPAREN RPAREN  (96)
	member_access : expr . DOT ID LPAREN list_expr RPAREN  (97)

	LSQBRA  shift 67
	RSQBRA  shift 131
	DOT  shift 69
	ADD  shift 70
	SUB  shift 71
	MUL  shift 72
	INT_DIV  shift 73
	FLOAT_DIV  shift 74
	MOD  shift 75
	LESS  shift 76
	LESS_EQUAL  shift 77
	NEQUAL  shift 78
	CONCAT  shift 79
	EQUAL  shift 80
	GREATER  shift 81
	GREATER_EQUAL  shift 82
	LOGIC_AND  shift 83
	LOGIC_OR  shift 84
	.  error


state 103
	member_access : expr DOT ID .  (95)
	member_access : expr DOT ID . LPAREN RPAREN  (96)
	member_access : expr DOT ID . LPAREN list_expr RPAREN  (97)

	LPAREN  shift 132
	RPAREN  reduce 95
	LSQBRA  reduce 95
	RSQBRA  reduce 95
	SEMICOLON  reduce 95
	DOT  reduce 95
	COMMA  reduce 95
	THEN  reduce 95
	TO  reduce 95
	DO  reduce 95
	DOWNTO  reduce 95
	ADD  reduce 95
	SUB  reduce 95
	MUL  reduce 95
	INT_DIV  reduce 95
	FLOAT_DIV  reduce 95
	MOD  reduce 95
	LESS  reduce 95
	LESS_EQUAL  reduce 95
	NEQUAL  reduce 95
	CONCAT  reduce 95
	EQUAL  reduce 95
	GREATER  reduce 95
	GREATER_EQUAL  reduce 95
	LOGIC_AND  reduce 95
	LOGIC_OR  reduce 95


state 104
	expr : expr . CONCAT expr  (74)
	expr : expr . LSQBRA expr RSQBRA  (75)
	arithmetic_expr : expr . ADD expr  (80)
	arithmetic_expr : expr ADD expr .  (80)
	arithmetic_expr : expr . SUB expr  (81)
	arithmetic_expr : expr . MUL expr  (82)
	arithmetic_expr : expr . INT_DIV expr  (83)
	arithmetic_expr : expr . FLOAT_DIV expr  (84)
	arithmetic_expr : expr . MOD expr  (85)
	boolean_expr : expr . LOGIC_AND expr  (86)
	boolean_expr : expr . LOGIC_OR expr  (87)
	relational_expr : expr . EQUAL expr  (89)
	relational_expr : expr . NEQUAL expr  (90)
	relational_expr : expr . GREATER expr  (91)
	relational_expr : expr . LESS expr  (92)
	relational_expr : expr . GREATER_EQUAL expr  (93)
	relational_expr : expr . LESS_EQUAL expr  (94)
	member_access : expr . DOT ID  (95)
	member_access : expr . DOT ID LPAREN RPAREN  (96)
	member_access : expr . DOT ID LPAREN list_expr RPAREN  (97)

	LSQBRA  shift 67
	DOT  shift 69
	MUL  shift 72
	INT_DIV  shift 73
	FLOAT_DIV  shift 74
	MOD  shift 75
	CONCAT  shift 79
	RPAREN  reduce 80
	RSQBRA  reduce 80
	SEMICOLON  reduce 80
	COMMA  reduce 80
	THEN  reduce 80
	TO  reduce 80
	DO  reduce 80
	DOWNTO  reduce 80
	ADD  reduce 80
	SUB  reduce 80
	LESS  reduce 80
	LESS_EQUAL  reduce 80
	NEQUAL  reduce 80
	EQUAL  reduce 80
	GREATER  reduce 80
	GREATER_EQUAL  reduce 80
	LOGIC_AND  reduce 80
	LOGIC_OR  reduce 80


state 105
	expr : expr . CONCAT expr  (74)
	expr : expr . LSQBRA expr RSQBRA  (75)
	arithmetic_expr : expr . ADD expr  (80)
	arithmetic_expr : expr . SUB expr  (81)
	arithmetic_expr : expr SUB expr .  (81)
	arithmetic_expr : expr . MUL expr  (82)
	arithmetic_expr : expr . INT_DIV expr  (83)
	arithmetic_expr : expr . FLOAT_DIV expr  (84)
	arithmetic_expr : expr . MOD expr  (85)
	boolean_expr : expr . LOGIC_AND expr  (86)
	boolean_expr : expr . LOGIC_OR expr  (87)
	relational_expr : expr . EQUAL expr  (89)
	relational_expr : expr . NEQUAL expr  (90)
	relational_expr : expr . GREATER expr  (91)
	relational_expr : expr . LESS expr  (92)
	relational_expr : expr . GREATER_EQUAL expr  (93)
	relational_expr : expr . LESS_EQUAL expr  (94)
	member_access : expr . DOT ID  (95)
	member_access : expr . DOT ID LPAREN RPAREN  (96)
	member_access : expr . DOT ID LPAREN list_expr RPAREN  (97)

	LSQBRA  shift 67
	DOT  shift 69
	MUL  shift 72
	INT_DIV  shift 73
	FLOAT_DIV  shift 74
	MOD  shift 75
	CONCAT  shift 79
	RPAREN  reduce 81
	RSQBRA  reduce 81
	SEMICOLON  reduce 81
	COMMA  reduce 81
	THEN  reduce 81
	TO  reduce 81
	DO  reduce 81
	DOWNTO  reduce 81
	ADD  reduce 81
	SUB  reduce 81
	LESS  reduce 81
	LESS_EQUAL  reduce 81
	NEQUAL  reduce 81
	EQUAL  reduce 81
	GREATER  reduce 81
	GREATER_EQUAL  reduce 81
	LOGIC_AND  reduce 81
	LOGIC_OR  reduce 81


state 106
	expr : expr . CONCAT expr  (74)
	expr : expr . LSQBRA expr RSQBRA  (75)
	arithmetic_expr : expr . ADD expr  (80)
	arithmetic_expr : expr . SUB expr  (81)
	arithmetic_expr : expr . MUL expr  (82)
	arithmetic_expr : expr MUL expr .  (82)
	arithmetic_expr : expr . INT_DIV expr  (83)
	arithmetic_expr : expr . FLOAT_DIV expr  (84)
	arithmetic_expr : expr . MOD expr  (85)
	boolean_expr : expr . LOGIC_AND expr  (86)
	boolean_expr : expr . LOGIC_OR expr  (87)
	relational_expr : expr . EQUAL expr  (89)
	relational_expr : expr . NEQUAL expr  (90)
	relational_expr : expr . GREATER expr  (91)
	relational_expr : expr . LESS expr  (92)
	relational_expr : expr . GREATER_EQUAL expr  (93)
	relational_expr : expr . LESS_EQUAL expr  (94)
	member_access : expr . DOT ID  (95)
	member_access : expr . DOT ID LPAREN RPAREN  (96)
	member_access : expr . DOT ID LPAREN list_expr RPAREN  (97)

	LSQBRA  shift 67
	DOT  shift 69
	CONCAT  shift 79
	RPAREN  reduce 82
	RSQBRA  reduce 82
	SEMICOLON  reduce 82
	COMMA  reduce 82
	THEN  reduce 82
	TO  reduce 82
	DO  reduce 82
	DOWNTO  reduce 82
	ADD  reduce 82
	SUB  reduce 82
	MUL  reduce 82
	INT_DIV  reduce 82
	FLOAT_DIV  reduce 82
	MOD  reduce 82
	LESS  reduce 82
	LESS_EQUAL  reduce 82
	NEQUAL  reduce 82
	EQUAL  reduce 82
	GREATER  reduce 82
	GREATER_EQUAL  reduce 82
	LOGIC_AND  reduce 82
	LOGIC_OR  reduce 82


state 107
	expr : expr . CONCAT expr  (74)
	expr : expr . LSQBRA expr RSQBRA  (75)
	arithmetic_expr : expr . ADD expr  (80)
	arithmetic_expr : expr . SUB expr  (81)
	arithmetic_expr : expr . MUL expr  (82)
	arithmetic_expr : expr . INT_DIV expr  (83)
	arithmetic_expr : expr INT_DIV expr .  (83)
	arithmetic_expr : expr . FLOAT_DIV expr  (84)
	arithmetic_expr : expr . MOD expr  (85)
	boolean_expr : expr . LOGIC_AND expr  (86)
	boolean_expr : expr . LOGIC_OR expr  (87)
	relational_expr : expr . EQUAL expr  (89)
	relational_expr : expr . NEQUAL expr  (90)
	relational_expr : expr . GREATER expr  (91)
	relational_expr : expr . LESS expr  (92)
	relational_expr : expr . GREATER_EQUAL expr  (93)
	relational_expr : expr . LESS_EQUAL expr  (94)
	member_access : expr . DOT ID  (95)
	member_access : expr . DOT ID LPAREN RPAREN  (96)
	member_access : expr . DOT ID LPAREN list_expr RPAREN  (97)

	LSQBRA  shift 67
	DOT  shift 69
	CONCAT  shift 79
	RPAREN  reduce 83
	RSQBRA  reduce 83
	SEMICOLON  reduce 83
	COMMA  reduce 83
	THEN  reduce 83
	TO  reduce 83
	DO  reduce 83
	DOWNTO  reduce 83
	ADD  reduce 83
	SUB  reduce 83
	MUL  reduce 83
	INT_DIV  reduce 83
	FLOAT_DIV  reduce 83
	MOD  reduce 83
	LESS  reduce 83
	LESS_EQUAL  reduce 83
	NEQUAL  reduce 83
	EQUAL  reduce 83
	GREATER  reduce 83
	GREATER_EQUAL  reduce 83
	LOGIC_AND  reduce 83
	LOGIC_OR  reduce 83


state 108
	expr : expr . CONCAT expr  (74)
	expr : expr . LSQBRA expr RSQBRA  (75)
	arithmetic_expr : expr . ADD expr  (80)
	arithmetic_expr : expr . SUB expr  (81)
	arithmetic_expr : expr . MUL expr  (82)
	arithmetic_expr : expr . INT_DIV expr  (83)
	arithmetic_expr : expr . FLOAT_DIV expr  (84)
	arithmetic_expr : expr FLOAT_DIV expr .  (84)
	arithmetic_expr : expr . MOD expr  (85)
	boolean_expr : expr . LOGIC_AND expr  (86)
	boolean_expr : expr . LOGIC_OR expr  (87)
	relational_expr : expr . EQUAL expr  (89)
	relational_expr : expr . NEQUAL expr  (90)
	relational_expr : expr . GREATER expr  (91)
	relational_expr : expr . LESS expr  (92)
	relational_expr : expr . GREATER_EQUAL expr  (93)
	relational_expr : expr . LESS_EQUAL expr  (94)
	member_access : expr . DOT ID  (95)
	member_access : expr . DOT ID LPAREN RPAREN  (96)
	member_access : expr . DOT ID LPAREN list_expr RPAREN  (97)

	LSQBRA  shift 67
	DOT  shift 69
	CONCAT  shift 79
	RPAREN  reduce 84
	RSQBRA  reduce 84
	SEMICOLON  reduce 84
	COMMA  reduce 84
	THEN  reduce 84
	TO  reduce 84
	DO  reduce 84
	DOWNTO  reduce 84
	ADD  reduce 84
	SUB  reduce 84
	MUL  reduce 84
	INT_DIV  reduce 84
	FLOAT_DIV  reduce 84
	MOD  reduce 84
	LESS  reduce 84
	LESS_EQUAL  reduce 84
	NEQUAL  reduce 84
	EQUAL  reduce 84
	GREATER  reduce 84
	GREATER_EQUAL  reduce 84
	LOGIC_AND  reduce 84
	LOGIC_OR  reduce 84


state 109
	expr : expr . CONCAT expr  (74)
	expr : expr . LSQBRA expr RSQBRA  (75)
	arithmetic_expr : expr . ADD expr  (80)
	arithmetic_expr : expr . SUB expr  (81)
	arithmetic_expr : expr . MUL expr  (82)
	arithmetic_expr : expr . INT_DIV expr  (83)
	arithmetic_expr : expr . FLOAT_DIV expr  (84)
	arithmetic_expr : expr . MOD expr  (85)
	arithmetic_expr : expr MOD expr .  (85)
	boolean_expr : expr . LOGIC_AND expr  (86)
	boolean_expr : expr . LOGIC_OR expr  (87)
	relational_expr : expr . EQUAL expr  (89)
	relational_expr : expr . NEQUAL expr  (90)
	relational_expr : expr . GREATER expr  (91)
	relational_expr : expr . LESS expr  (92)
	relational_expr : expr . GREATER_EQUAL expr  (93)
	relational_expr : expr . LESS_EQUAL expr  (94)
	member_access : expr . DOT ID  (95)
	member_access : expr . DOT ID LPAREN RPAREN  (96)
	member_access : expr . DOT ID LPAREN list_expr RPAREN  (97)

	LSQBRA  shift 67
	DOT  shift 69
	CONCAT  shift 79
	RPAREN  reduce 85
	RSQBRA  reduce 85
	SEMICOLON  reduce 85
	COMMA  reduce 85
	THEN  reduce 85
	TO  reduce 85
	DO  reduce 85
	DOWNTO  reduce 85
	ADD  reduce 85
	SUB  reduce 85
	MUL  reduce 85
	INT_DIV  reduce 85
	FLOAT_DIV  reduce 85
	MOD  reduce 85
	LESS  reduce 85
	LESS_EQUAL  reduce 85
	NEQUAL  reduce 85
	EQUAL  reduce 85
	GREATER  reduce 85
	GREATER_EQUAL  reduce 85
	LOGIC_AND  reduce 85
	LOGIC_OR  reduce 85


state 110
	expr : expr . CONCAT expr  (74)
	expr : expr . LSQBRA expr RSQBRA  (75)
	arithmetic_expr : expr . ADD expr  (80)
	arithmetic_expr : expr . SUB expr  (81)
	arithmetic_expr : expr . MUL expr  (82)
	arithmetic_expr : expr . INT_DIV expr  (83)
	arithmetic_expr : expr . FLOAT_DIV expr  (84)
	arithmetic_expr : expr . MOD expr  (85)
	boolean_expr : expr . LOGIC_AND expr  (86)
	boolean_expr : expr . LOGIC_OR expr  (87)
	relational_expr : expr . EQUAL expr  (89)
	relational_expr : expr . NEQUAL expr  (90)
	relational_expr : expr . GREATER expr  (91)
	relational_expr : expr . LESS expr  (92)
	relational_expr : expr LESS expr .  (92)
	relational_expr : expr . GREATER_EQUAL expr  (93)
	relational_expr : expr . LESS_EQUAL expr  (94)
	member_access : expr . DOT ID  (95)
	member_access : expr . DOT ID LPAREN RPAREN  (96)
	member_access : expr . DOT ID LPAREN list_expr RPAREN  (97)

	LSQBRA  shift 67
	DOT  shift 69
	ADD  shift 70
	SUB  shift 71
	MUL  shift 72
	INT_DIV  shift 73
	FLOAT_DIV  shift 74
	MOD  shift 75
	NEQUAL  shift 78
	CONCAT  shift 79
	EQUAL  shift 80
	LOGIC_AND  shift 83
	LOGIC_OR  shift 84
	RPAREN  reduce 92
	RSQBRA  reduce 92
	SEMICOLON  reduce 92
	COMMA  reduce 92
	THEN  reduce 92
	TO  reduce 92
	DO  reduce 92
	DOWNTO  reduce 92


state 111
	expr : expr . CONCAT expr  (74)
	expr : expr . LSQBRA expr RSQBRA  (75)
	arithmetic_expr : expr . ADD expr  (80)
	arithmetic_expr : expr . SUB expr  (81)
	arithmetic_expr : expr . MUL expr  (82)
	arithmetic_expr : expr . INT_DIV expr  (83)
	arithmetic_expr : expr . FLOAT_DIV expr  (84)
	arithmetic_expr : expr . MOD expr  (85)
	boolean_expr : expr . LOGIC_AND expr  (86)
	boolean_expr : expr . LOGIC_OR expr  (87)
	relational_expr : expr . EQUAL expr  (89)
	relational_expr : expr . NEQUAL expr  (90)
	relational_expr : expr . GREATER expr  (91)
	relational_expr : expr . LESS expr  (92)
	relational_expr : expr . GREATER_EQUAL expr  (93)
	relational_expr : expr . LESS_EQUAL expr  (94)
	relational_expr : expr LESS_EQUAL expr .  (94)
	member_access : expr . DOT ID  (95)
	member_access : expr . DOT ID LPAREN RPAREN  (96)
	member_access : expr . DOT ID LPAREN list_expr RPAREN  (97)

	LSQBRA  shift 67
	DOT  shift 69
	ADD  shift 70
	SUB  shift 71
	MUL  shift 72
	INT_DIV  shift 73
	FLOAT_DIV  shift 74
	MOD  shift 75
	NEQUAL  shift 78
	CONCAT  shift 79
	EQUAL  shift 80
	LOGIC_AND  shift 83
	LOGIC_OR  shift 84
	RPAREN  reduce 94
	RSQBRA  reduce 94
	SEMICOLON  reduce 94
	COMMA  reduce 94
	THEN  reduce 94
	TO  reduce 94
	DO  reduce 94
	DOWNTO  reduce 94


state 112
	expr : expr . CONCAT expr  (74)
	expr : expr . LSQBRA expr RSQBRA  (75)
	arithmetic_expr : expr . ADD expr  (80)
	arithmetic_expr : expr . SUB expr  (81)
	arithmetic_expr : expr . MUL expr  (82)
	arithmetic_expr : expr . INT_DIV expr  (83)
	arithmetic_expr : expr . FLOAT_DIV expr  (84)
	arithmetic_expr : expr . MOD expr  (85)
	boolean_expr : expr . LOGIC_AND expr  (86)
	boolean_expr : expr . LOGIC_OR expr  (87)
	relational_expr : expr . EQUAL expr  (89)
	relational_expr : expr . NEQUAL expr  (90)
	relational_expr : expr NEQUAL expr .  (90)
	relational_expr : expr . GREATER expr  (91)
	relational_expr : expr . LESS expr  (92)
	relational_expr : expr . GREATER_EQUAL expr  (93)
	relational_expr : expr . LESS_EQUAL expr  (94)
	member_access : expr . DOT ID  (95)
	member_access : expr . DOT ID LPAREN RPAREN  (96)
	member_access : expr . DOT ID LPAREN list_expr RPAREN  (97)

	LSQBRA  shift 67
	DOT  shift 69
	ADD  shift 70
	SUB  shift 71
	MUL  shift 72
	INT_DIV  shift 73
	FLOAT_DIV  shift 74
	MOD  shift 75
	CONCAT  shift 79
	LOGIC_AND  shift 83
	LOGIC_OR  shift 84
	RPAREN  reduce 90
	RSQBRA  reduce 90
	SEMICOLON  reduce 90
	COMMA  reduce 90
	THEN  reduce 90
	TO  reduce 90
	DO  reduce 90
	DOWNTO  reduce 90
	LESS  reduce 90
	LESS_EQUAL  reduce 90
	GREATER  reduce 90
	GREATER_EQUAL  reduce 90


state 113
	expr : expr . CONCAT expr  (74)
	expr : expr CONCAT expr .  (74)
	expr : expr . LSQBRA expr RSQBRA  (75)
	arithmetic_expr : expr . ADD expr  (80)
	arithmetic_expr : expr . SUB expr  (81)
	arithmetic_expr : expr . MUL expr  (82)
	arithmetic_expr : expr . INT_DIV expr  (83)
	arithmetic_expr : expr . FLOAT_DIV expr  (84)
	arithmetic_expr : expr . MOD expr  (85)
	boolean_expr : expr . LOGIC_AND expr  (86)
	boolean_expr : expr . LOGIC_OR expr  (87)
	relational_expr : expr . EQUAL expr  (89)
	relational_expr : expr . NEQUAL expr  (90)
	relational_expr : expr . GREATER expr  (91)
	relational_expr : expr . LESS expr  (92)
	relational_expr : expr . GREATER_EQUAL expr  (93)
	relational_expr : expr . LESS_EQUAL expr  (94)
	member_access : expr . DOT ID  (95)
	member_access : expr . DOT ID LPAREN RPAREN  (96)
	member_access : expr . DOT ID LPAREN list_expr RPAREN  (97)

	LSQBRA  shift 67
	DOT  shift 69
	RPAREN  reduce 74
	RSQBRA  reduce 74
	SEMICOLON  reduce 74
	COMMA  reduce 74
	THEN  reduce 74
	TO  reduce 74
	DO  reduce 74
	DOWNTO  reduce 74
	ADD  reduce 74
	SUB  reduce 74
	MUL  reduce 74
	INT_DIV  reduce 74
	FLOAT_DIV  reduce 74
	MOD  reduce 74
	LESS  reduce 74
	LESS_EQUAL  reduce 74
	NEQUAL  reduce 74
	CONCAT  reduce 74
	EQUAL  reduce 74
	GREATER  reduce 74
	GREATER_EQUAL  reduce 74
	LOGIC_AND  reduce 74
	LOGIC_OR  reduce 74


state 114
	expr : expr . CONCAT expr  (74)
	expr : expr . LSQBRA expr RSQBRA  (75)
	arithmetic_expr : expr . ADD expr  (80)
	arithmetic_expr : expr . SUB expr  (81)
	arithmetic_expr : expr . MUL expr  (82)
	arithmetic_expr : expr . INT_DIV expr  (83)
	arithmetic_expr : expr . FLOAT_DIV expr  (84)
	arithmetic_expr : expr . MOD expr  (85)
	boolean_expr : expr . LOGIC_AND expr  (86)
	boolean_expr : expr . LOGIC_OR expr  (87)
	relational_expr : expr . EQUAL expr  (89)
	relational_expr : expr EQUAL expr .  (89)
	relational_expr : expr . NEQUAL expr  (90)
	relational_expr : expr . GREATER expr  (91)
	relational_expr : expr . LESS expr  (92)
	relational_expr : expr . GREATER_EQUAL expr  (93)
	relational_expr : expr . LESS_EQUAL expr  (94)
	member_access : expr . DOT ID  (95)
	member_access : expr . DOT ID LPAREN RPAREN  (96)
	member_access : expr . DOT ID LPAREN list_expr RPAREN  (97)

	LSQBRA  shift 67
	DOT  shift 69
	ADD  shift 70
	SUB  shift 71
	MUL  shift 72
	INT_DIV  shift 73
	FLOAT_DIV  shift 74
	MOD  shift 75
	CONCAT  shift 79
	LOGIC_AND  shift 83
	LOGIC_OR  shift 84
	RPAREN  reduce 89
	RSQBRA  reduce 89
	SEMICOLON  reduce 89
	COMMA  reduce 89
	THEN  reduce 89
	TO  reduce 89
	DO  reduce 89
	DOWNTO  reduce 89
	LESS  reduce 89
	LESS_EQUAL  reduce 89
	GREATER  reduce 89
	GREATER_EQUAL  reduce 89


state 115
	expr : expr . CONCAT expr  (74)
	expr : expr . LSQBRA expr RSQBRA  (75)
	arithmetic_expr : expr . ADD expr  (80)
	arithmetic_expr : expr . SUB expr  (81)
	arithmetic_expr : expr . MUL expr  (82)
	arithmetic_expr : expr . INT_DIV expr  (83)
	arithmetic_expr : expr . FLOAT_DIV expr  (84)
	arithmetic_expr : expr . MOD expr  (85)
	boolean_expr : expr . LOGIC_AND expr  (86)
	boolean_expr : expr . LOGIC_OR expr  (87)
	relational_expr : expr . EQUAL expr  (89)
	relational_expr : expr . NEQUAL expr  (90)
	relational_expr : expr . GREATER expr  (91)
	relational_expr : expr GREATER expr .  (91)
	relational_expr : expr . LESS expr  (92)
	relational_expr : expr . GREATER_EQUAL expr  (93)
	relational_expr : expr . LESS_EQUAL expr  (94)
	member_access : expr . DOT ID  (95)
	member_access : expr . DOT ID LPAREN RPAREN  (96)
	member_access : expr . DOT ID LPAREN list_expr RPAREN  (97)

	LSQBRA  shift 67
	DOT  shift 69
	ADD  shift 70
	SUB  shift 71
	MUL  shift 72
	INT_DIV  shift 73
	FLOAT_DIV  shift 74
	MOD  shift 75
	NEQUAL  shift 78
	CONCAT  shift 79
	EQUAL  shift 80
	LOGIC_AND  shift 83
	LOGIC_OR  shift 84
	RPAREN  reduce 91
	RSQBRA  reduce 91
	SEMICOLON  reduce 91
	COMMA  reduce 91
	THEN  reduce 91
	TO  reduce 91
	DO  reduce 91
	DOWNTO  reduce 91


state 116
	expr : expr . CONCAT expr  (74)
	expr : expr . LSQBRA expr RSQBRA  (75)
	arithmetic_expr : expr . ADD expr  (80)
	arithmetic_expr : expr . SUB expr  (81)
	arithmetic_expr : expr . MUL expr  (82)
	arithmetic_expr : expr . INT_DIV expr  (83)
	arithmetic_expr : expr . FLOAT_DIV expr  (84)
	arithmetic_expr : expr . MOD expr  (85)
	boolean_expr : expr . LOGIC_AND expr  (86)
	boolean_expr : expr . LOGIC_OR expr  (87)
	relational_expr : expr . EQUAL expr  (89)
	relational_expr : expr . NEQUAL expr  (90)
	relational_expr : expr . GREATER expr  (91)
	relational_expr : expr . LESS expr  (92)
	relational_expr : expr . GREATER_EQUAL expr  (93)
	relational_expr : expr GREATER_EQUAL expr .  (93)
	relational_expr : expr . LESS_EQUAL expr  (94)
	member_access : expr . DOT ID  (95)
	member_access : expr . DOT ID LPAREN RPAREN  (96)
	member_access : expr . DOT ID LPAREN list_expr RPAREN  (97)

	LSQBRA  shift 67
	DOT  shift 69
	ADD  shift 70
	SUB  shift 71
	MUL  shift 72
	INT_DIV  shift 73
	FLOAT_DIV  shift 74
	MOD  shift 75
	NEQUAL  shift 78
	CONCAT  shift 79
	EQUAL  shift 80
	LOGIC_AND  shift 83
	LOGIC_OR  shift 84
	RPAREN  reduce 93
	RSQBRA  reduce 93
	SEMICOLON  reduce 93
	COMMA  reduce 93
	THEN  reduce 93
	TO  reduce 93
	DO  reduce 93
	DOWNTO  reduce 93


state 117
	expr : expr . CONCAT expr  (74)
	expr : expr . LSQBRA expr RSQBRA  (75)
	arithmetic_expr : expr . ADD expr  (80)
	arithmetic_expr : expr . SUB expr  (81)
	arithmetic_expr : expr . MUL expr  (82)
	arithmetic_expr : expr . INT_DIV expr  (83)
	arithmetic_expr : expr . FLOAT_DIV expr  (84)
	arithmetic_expr : expr . MOD expr  (85)
	boolean_expr : expr . LOGIC_AND expr  (86)
	boolean_expr : expr LOGIC_AND expr .  (86)
	boolean_expr : expr . LOGIC_OR expr  (87)
	relational_expr : expr . EQUAL expr  (89)
	relational_expr : expr . NEQUAL expr  (90)
	relational_expr : expr . GREATER expr  (91)
	relational_expr : expr . LESS expr  (92)
	relational_expr : expr . GREATER_EQUAL expr  (93)
	relational_expr : expr . LESS_EQUAL expr  (94)
	member_access : expr . DOT ID  (95)
	member_access : expr . DOT ID LPAREN RPAREN  (96)
	member_access : expr . DOT ID LPAREN list_expr RPAREN  (97)

	LSQBRA  shift 67
	DOT  shift 69
	ADD  shift 70
	SUB  shift 71
	MUL  shift 72
	INT_DIV  shift 73
	FLOAT_DIV  shift 74
	MOD  shift 75
	CONCAT  shift 79
	RPAREN  reduce 86
	RSQBRA  reduce 86
	SEMICOLON  reduce 86
	COMMA  reduce 86
	THEN  reduce 86
	TO  reduce 86
	DO  reduce 86
	DOWNTO  reduce 86
	LESS  reduce 86
	LESS_EQUAL  reduce 86
	NEQUAL  reduce 86
	EQUAL  reduce 86
	GREATER  reduce 86
	GREATER_EQUAL  reduce 86
	LOGIC_AND  reduce 86
	LOGIC_OR  reduce 86


state 118
	expr : expr . CONCAT expr  (74)
	expr : expr . LSQBRA expr RSQBRA  (75)
	arithmetic_expr : expr . ADD expr  (80)
	arithmetic_expr : expr . SUB expr  (81)
	arithmetic_expr : expr . MUL expr  (82)
	arithmetic_expr : expr . INT_DIV expr  (83)
	arithmetic_expr : expr . FLOAT_DIV expr  (84)
	arithmetic_expr : expr . MOD expr  (85)
	boolean_expr : expr . LOGIC_AND expr  (86)
	boolean_expr : expr . LOGIC_OR expr  (87)
	boolean_expr : expr LOGIC_OR expr .  (87)
	relational_expr : expr . EQUAL expr  (89)
	relational_expr : expr . NEQUAL expr  (90)
	relational_expr : expr . GREATER expr  (91)
	relational_expr : expr . LESS expr  (92)
	relational_expr : expr . GREATER_EQUAL expr  (93)
	relational_expr : expr . LESS_EQUAL expr  (94)
	member_access : expr . DOT ID  (95)
	member_access : expr . DOT ID LPAREN RPAREN  (96)
	member_access : expr . DOT ID LPAREN list_expr RPAREN  (97)

	LSQBRA  shift 67
	DOT  shift 69
	ADD  shift 70
	SUB  shift 71
	MUL  shift 72
	INT_DIV  shift 73
	FLOAT_DIV  shift 74
	MOD  shift 75
	CONCAT  shift 79
	RPAREN  reduce 87
	RSQBRA  reduce 87
	SEMICOLON  reduce 87
	COMMA  reduce 87
	THEN  reduce 87
	TO  reduce 87
	DO  reduce 87
	DOWNTO  reduce 87
	LESS  reduce 87
	LESS_EQUAL  reduce 87
	NEQUAL  reduce 87
	EQUAL  reduce 87
	GREATER  reduce 87
	GREATER_EQUAL  reduce 87
	LOGIC_AND  reduce 87
	LOGIC_OR  reduce 87


state 119
	constructor : ID LPAREN . list_params RPAREN SEMICOLON  (34)
	list_params : .  (13)

	ID  shift 35
	RPAREN  reduce 13

	list_params  goto 133
	combine_var_decl  goto 98
	list_id  goto 99


state 120
	one_class_decl : CLASS ID LCURBRA list_members_decl RCURBRA .  (7)

	.  reduce 7


state 121
	one_method : return_type ID . LPAREN list_params RPAREN SEMICOLON  (33)

	LPAREN  shift 134
	.  error


state 122
	list_members_decl : member_decl list_members_decl .  (12)

	.  reduce 12


state 123
	one_class_decl : CLASS ID EXTENDS ID LCURBRA . list_members_decl RCURBRA  (8)
	list_members_decl : .  (11)

	ID  shift 85
	INTEGER  shift 4
	BOOL  shift 5
	STRING  shift 6
	FLOAT  shift 7
	VOID  shift 8
	RCURBRA  reduce 11

	attribute_decl  goto 86
	list_members_decl  goto 135
	return_type  goto 88
	member_decl  goto 89
	method_prototype  goto 90
	list_id  goto 17
	value_type  goto 18
	variables_decl  goto 19
	constants_decl  goto 20
	one_method  goto 91
	constructor  goto 92
	element_type  goto 21
	array  goto 22
	primitive  goto 23
	classtype  goto 24


state 124
	one_method_decl : return_type ID DOUBLECOLON ID LPAREN . list_params RPAREN block_stmt  (9)
	list_params : .  (13)

	ID  shift 35
	RPAREN  reduce 13

	list_params  goto 136
	combine_var_decl  goto 98
	list_id  goto 99


state 125
	one_method_decl : ID DOUBLECOLON ID LPAREN list_params RPAREN . block_stmt  (10)

	LCURBRA  shift 137
	.  error

	block_stmt  goto 138


state 126
	list_params : combine_var_decl SEMICOLON . another_param  (15)

	ID  shift 35
	.  error

	combine_var_decl  goto 139
	another_param  goto 140
	list_id  goto 99


state 127
	combine_var_decl : list_id COLON . value_type  (18)

	ID  shift 58
	INTEGER  shift 4
	BOOL  shift 5
	STRING  shift 6
	FLOAT  shift 7
	.  error

	value_type  goto 141
	element_type  goto 21
	array  goto 22
	primitive  goto 23
	classtype  goto 24


state 128
	object_creation : NEW ID LPAREN RPAREN .  (98)

	.  reduce 98


state 129
	list_expr : expr .  (35)
	list_expr : expr . COMMA list_expr  (36)
	expr : expr . CONCAT expr  (74)
	expr : expr . LSQBRA expr RSQBRA  (75)
	arithmetic_expr : expr . ADD expr  (80)
	arithmetic_expr : expr . SUB expr  (81)
	arithmetic_expr : expr . MUL expr  (82)
	arithmetic_expr : expr . INT_DIV expr  (83)
	arithmetic_expr : expr . FLOAT_DIV expr  (84)
	arithmetic_expr : expr . MOD expr  (85)
	boolean_expr : expr . LOGIC_AND expr  (86)
	boolean_expr : expr . LOGIC_OR expr  (87)
	relational_expr : expr . EQUAL expr  (89)
	relational_expr : expr . NEQUAL expr  (90)
	relational_expr : expr . GREATER expr  (91)
	relational_expr : expr . LESS expr  (92)
	relational_expr : expr . GREATER_EQUAL expr  (93)
	relational_expr : expr . LESS_EQUAL expr  (94)
	member_access : expr . DOT ID  (95)
	member_access : expr . DOT ID LPAREN RPAREN  (96)
	member_access : expr . DOT ID LPAREN list_expr RPAREN  (97)

	LSQBRA  shift 67
	DOT  shift 69
	COMMA  shift 142
	ADD  shift 70
	SUB  shift 71
	MUL  shift 72
	INT_DIV  shift 73
	FLOAT_DIV  shift 74
	MOD  shift 75
	LESS  shift 76
	LESS_EQUAL  shift 77
	NEQUAL  shift 78
	CONCAT  shift 79
	EQUAL  shift 80
	GREATER  shift 81
	GREATER_EQUAL  shift 82
	LOGIC_AND  shift 83
	LOGIC_OR  shift 84
	RPAREN  reduce 35


state 130
	object_creation : NEW ID LPAREN list_expr . RPAREN  (99)

	RPAREN  shift 143
	.  error


state 131
	expr : expr LSQBRA expr RSQBRA .  (75)

	.  reduce 75


state 132
	member_access : expr DOT ID LPAREN . RPAREN  (96)
	member_access : expr DOT ID LPAREN . list_expr RPAREN  (97)

	ID  shift 37
	LPAREN  shift 38
	RPAREN  shift 144
	STRING_LIT  shift 39
	FLOAT_LIT  shift 40
	INT_LIT  shift 41
	BOOL_LIT  shift 42
	NULL  shift 43
	SELF  shift 44
	NEW  shift 45
	ADD  shift 46
	SUB  shift 47
	LOGIC_NOT  shift 48
	.  error

	expr  goto 129
	list_expr  goto 145
	arithmetic_expr  goto 50
	boolean_expr  goto 51
	relational_expr  goto 52
	member_access  goto 53
	object_creation  goto 54


state 133
	constructor : ID LPAREN list_params . RPAREN SEMICOLON  (34)

	RPAREN  shift 146
	.  error


state 134
	one_method : return_type ID LPAREN . list_params RPAREN SEMICOLON  (33)
	list_params : .  (13)

	ID  shift 35
	RPAREN  reduce 13

	list_params  goto 147
	combine_var_decl  goto 98
	list_id  goto 99


state 135
	one_class_decl : CLASS ID EXTENDS ID LCURBRA list_members_decl . RCURBRA  (8)

	RCURBRA  shift 148
	.  error


state 136
	one_method_decl : return_type ID DOUBLECOLON ID LPAREN list_params . RPAREN block_stmt  (9)

	RPAREN  shift 149
	.  error


state 137
	block_stmt : LCURBRA . RCURBRA  (47)
	block_stmt : LCURBRA . list_statements RCURBRA  (48)
	block_stmt : LCURBRA . list_attributes_decl RCURBRA  (49)
	block_stmt : LCURBRA . bullshit_list RCURBRA  (50)

	ID  shift 150
	LPAREN  shift 38
	LCURBRA  shift 137
	RCURBRA  shift 151
	STRING_LIT  shift 39
	FLOAT_LIT  shift 40
	INT_LIT  shift 41
	BOOL_LIT  shift 42
	BREAK  shift 152
	FOR  shift 153
	NULL  shift 43
	CONTINUE  shift 154
	IF  shift 155
	SELF  shift 44
	WHILE  shift 156
	NEW  shift 45
	RETURN  shift 157
	REPEAT  shift 158
	ADD  shift 46
	SUB  shift 47
	LOGIC_NOT  shift 48
	.  error

	attribute_decl  goto 159
	block_stmt  goto 160
	list_id  goto 17
	list_attributes_decl  goto 161
	list_statements  goto 162
	statement  goto 163
	variables_decl  goto 19
	constants_decl  goto 20
	expr  goto 164
	assignment_stmt  goto 165
	if_stmt  goto 166
	for_stmt  goto 167
	method_invocation_stmt  goto 168
	bullshit_list  goto 169
	lhs  goto 170
	arithmetic_expr  goto 50
	boolean_expr  goto 51
	relational_expr  goto 52
	member_access  goto 53
	object_creation  goto 54


state 138
	one_method_decl : ID DOUBLECOLON ID LPAREN list_params RPAREN block_stmt .  (10)

	.  reduce 10


state 139
	another_param : combine_var_decl .  (19)
	another_param : combine_var_decl . SEMICOLON another_param  (20)

	SEMICOLON  shift 171
	RPAREN  reduce 19


state 140
	list_params : combine_var_decl SEMICOLON another_param .  (15)

	.  reduce 15


state 141
	combine_var_decl : list_id COLON value_type .  (18)

	.  reduce 18


state 142
	list_expr : expr COMMA . list_expr  (36)

	ID  shift 37
	LPAREN  shift 38
	STRING_LIT  shift 39
	FLOAT_LIT  shift 40
	INT_LIT  shift 41
	BOOL_LIT  shift 42
	NULL  shift 43
	SELF  shift 44
	NEW  shift 45
	ADD  shift 46
	SUB  shift 47
	LOGIC_NOT  shift 48
	.  error

	expr  goto 129
	list_expr  goto 172
	arithmetic_expr  goto 50
	boolean_expr  goto 51
	relational_expr  goto 52
	member_access  goto 53
	object_creation  goto 54


state 143
	object_creation : NEW ID LPAREN list_expr RPAREN .  (99)

	.  reduce 99


state 144
	member_access : expr DOT ID LPAREN RPAREN .  (96)

	.  reduce 96


state 145
	member_access : expr DOT ID LPAREN list_expr . RPAREN  (97)

	RPAREN  shift 173
	.  error


state 146
	constructor : ID LPAREN list_params RPAREN . SEMICOLON  (34)

	SEMICOLON  shift 174
	.  error


state 147
	one_method : return_type ID LPAREN list_params . RPAREN SEMICOLON  (33)

	RPAREN  shift 175
	.  error


state 148
	one_class_decl : CLASS ID EXTENDS ID LCURBRA list_members_decl RCURBRA .  (8)

	.  reduce 8


state 149
	one_method_decl : return_type ID DOUBLECOLON ID LPAREN list_params RPAREN . block_stmt  (9)

	LCURBRA  shift 137
	.  error

	block_stmt  goto 176


state 150
	constants_decl : ID . ASSIGN_CONST expr SEMICOLON  (30)
	list_id : ID .  (31)
	list_id : ID . COMMA list_id  (32)
	lhs : ID .  (54)
	expr : ID .  (63)

	COMMA  shift 26
	ASSIGN_CONST  shift 27
	LSQBRA  reduce 63
	COLON  reduce 31
	DOT  reduce 63
	ADD  reduce 63
	SUB  reduce 63
	MUL  reduce 63
	INT_DIV  reduce 63
	FLOAT_DIV  reduce 63
	MOD  reduce 63
	ASSIGN  reduce 54
	LESS  reduce 63
	LESS_EQUAL  reduce 63
	NEQUAL  reduce 63
	CONCAT  reduce 63
	EQUAL  reduce 63
	GREATER  reduce 63
	GREATER_EQUAL  reduce 63
	LOGIC_AND  reduce 63
	LOGIC_OR  reduce 63


state 151
	block_stmt : LCURBRA RCURBRA .  (47)

	.  reduce 47


state 152
	statement : BREAK . SEMICOLON  (43)

	SEMICOLON  shift 177
	.  error


state 153
	for_stmt : FOR . ID ASSIGN expr TO expr DO statement  (59)
	for_stmt : FOR . ID ASSIGN expr DOWNTO expr DO statement  (60)

	ID  shift 178
	.  error


state 154
	statement : CONTINUE . SEMICOLON  (44)

	SEMICOLON  shift 179
	.  error


state 155
	if_stmt : IF . expr THEN statement  (57)
	if_stmt : IF . expr THEN statement ELSE statement  (58)

	ID  shift 37
	LPAREN  shift 38
	STRING_LIT  shift 39
	FLOAT_LIT  shift 40
	INT_LIT  shift 41
	BOOL_LIT  shift 42
	NULL  shift 43
	SELF  shift 44
	NEW  shift 45
	ADD  shift 46
	SUB  shift 47
	LOGIC_NOT  shift 48
	.  error

	expr  goto 180
	arithmetic_expr  goto 50
	boolean_expr  goto 51
	relational_expr  goto 52
	member_access  goto 53
	object_creation  goto 54


state 156
	statement : WHILE . expr DO statement  (40)

	ID  shift 37
	LPAREN  shift 38
	STRING_LIT  shift 39
	FLOAT_LIT  shift 40
	INT_LIT  shift 41
	BOOL_LIT  shift 42
	NULL  shift 43
	SELF  shift 44
	NEW  shift 45
	ADD  shift 46
	SUB  shift 47
	LOGIC_NOT  shift 48
	.  error

	expr  goto 181
	arithmetic_expr  goto 50
	boolean_expr  goto 51
	relational_expr  goto 52
	member_access  goto 53
	object_creation  goto 54


state 157
	statement : RETURN . expr SEMICOLON  (45)

	ID  shift 37
	LPAREN  shift 38
	STRING_LIT  shift 39
	FLOAT_LIT  shift 40
	INT_LIT  shift 41
	BOOL_LIT  shift 42
	NULL  shift 43
	SELF  shift 44
	NEW  shift 45
	ADD  shift 46
	SUB  shift 47
	LOGIC_NOT  shift 48
	.  error

	expr  goto 182
	arithmetic_expr  goto 50
	boolean_expr  goto 51
	relational_expr  goto 52
	member_access  goto 53
	object_creation  goto 54


state 158
	statement : REPEAT . list_statements UNTIL expr SEMICOLON  (41)

	ID  shift 183
	LPAREN  shift 38
	LCURBRA  shift 137
	STRING_LIT  shift 39
	FLOAT_LIT  shift 40
	INT_LIT  shift 41
	BOOL_LIT  shift 42
	BREAK  shift 152
	FOR  shift 153
	NULL  shift 43
	CONTINUE  shift 154
	IF  shift 155
	SELF  shift 44
	WHILE  shift 156
	NEW  shift 45
	RETURN  shift 157
	REPEAT  shift 158
	ADD  shift 46
	SUB  shift 47
	LOGIC_NOT  shift 48
	.  error

	block_stmt  goto 160
	list_statements  goto 184
	statement  goto 163
	expr  goto 164
	assignment_stmt  goto 165
	if_stmt  goto 166
	for_stmt  goto 167
	method_invocation_stmt  goto 168
	lhs  goto 170
	arithmetic_expr  goto 50
	boolean_expr  goto 51
	relational_expr  goto 52
	member_access  goto 53
	object_creation  goto 54


state 159
	list_attributes_decl : attribute_decl .  (21)
	list_attributes_decl : attribute_decl . list_attributes_decl  (22)
	bullshit_list : attribute_decl . bullshit_list  (51)
	bullshit_list : attribute_decl . list_statements  (52)

	ID  shift 150
	LPAREN  shift 38
	LCURBRA  shift 137
	STRING_LIT  shift 39
	FLOAT_LIT  shift 40
	INT_LIT  shift 41
	BOOL_LIT  shift 42
	BREAK  shift 152
	FOR  shift 153
	NULL  shift 43
	CONTINUE  shift 154
	IF  shift 155
	SELF  shift 44
	WHILE  shift 156
	NEW  shift 45
	RETURN  shift 157
	REPEAT  shift 158
	ADD  shift 46
	SUB  shift 47
	LOGIC_NOT  shift 48
	RCURBRA  reduce 21

	attribute_decl  goto 159
	block_stmt  goto 160
	list_id  goto 17
	list_attributes_decl  goto 185
	list_statements  goto 186
	statement  goto 163
	variables_decl  goto 19
	constants_decl  goto 20
	expr  goto 164
	assignment_stmt  goto 165
	if_stmt  goto 166
	for_stmt  goto 167
	method_invocation_stmt  goto 168
	bullshit_list  goto 187
	lhs  goto 170
	arithmetic_expr  goto 50
	boolean_expr  goto 51
	relational_expr  goto 52
	member_access  goto 53
	object_creation  goto 54


state 160
	statement : block_stmt .  (37)

	.  reduce 37


state 161
	block_stmt : LCURBRA list_attributes_decl . RCURBRA  (49)

	RCURBRA  shift 188
	.  error


state 162
	block_stmt : LCURBRA list_statements . RCURBRA  (48)

	RCURBRA  shift 189
	.  error


state 163
	list_statements : statement .  (23)
	list_statements : statement . list_statements  (24)

	ID  shift 183
	LPAREN  shift 38
	LCURBRA  shift 137
	STRING_LIT  shift 39
	FLOAT_LIT  shift 40
	INT_LIT  shift 41
	BOOL_LIT  shift 42
	BREAK  shift 152
	FOR  shift 153
	NULL  shift 43
	CONTINUE  shift 154
	IF  shift 155
	SELF  shift 44
	WHILE  shift 156
	NEW  shift 45
	RETURN  shift 157
	REPEAT  shift 158
	ADD  shift 46
	SUB  shift 47
	LOGIC_NOT  shift 48
	RCURBRA  reduce 23
	UNTIL  reduce 23

	block_stmt  goto 160
	list_statements  goto 190
	statement  goto 163
	expr  goto 164
	assignment_stmt  goto 165
	if_stmt  goto 166
	for_stmt  goto 167
	method_invocation_stmt  goto 168
	lhs  goto 170
	arithmetic_expr  goto 50
	boolean_expr  goto 51
	relational_expr  goto 52
	member_access  goto 53
	object_creation  goto 54


state 164
	lhs : expr . DOT ID  (55)
	lhs : expr . LSQBRA expr RSQBRA  (56)
	method_invocation_stmt : expr . DOT ID LPAREN list_expr RPAREN SEMICOLON  (61)
	method_invocation_stmt : expr . DOT ID LPAREN RPAREN SEMICOLON  (62)
	expr : expr . CONCAT expr  (74)
	expr : expr . LSQBRA expr RSQBRA  (75)
	arithmetic_expr : expr . ADD expr  (80)
	arithmetic_expr : expr . SUB expr  (81)
	arithmetic_expr : expr . MUL expr  (82)
	arithmetic_expr : expr . INT_DIV expr  (83)
	arithmetic_expr : expr . FLOAT_DIV expr  (84)
	arithmetic_expr : expr . MOD expr  (85)
	boolean_expr : expr . LOGIC_AND expr  (86)
	boolean_expr : expr . LOGIC_OR expr  (87)
	relational_expr : expr . EQUAL expr  (89)
	relational_expr : expr . NEQUAL expr  (90)
	relational_expr : expr . GREATER expr  (91)
	relational_expr : expr . LESS expr  (92)
	relational_expr : expr . GREATER_EQUAL expr  (93)
	relational_expr : expr . LESS_EQUAL expr  (94)
	member_access : expr . DOT ID  (95)
	member_access : expr . DOT ID LPAREN RPAREN  (96)
	member_access : expr . DOT ID LPAREN list_expr RPAREN  (97)

	LSQBRA  shift 191
	DOT  shift 192
	ADD  shift 70
	SUB  shift 71
	MUL  shift 72
	INT_DIV  shift 73
	FLOAT_DIV  shift 74
	MOD  shift 75
	LESS  shift 76
	LESS_EQUAL  shift 77
	NEQUAL  shift 78
	CONCAT  shift 79
	EQUAL  shift 80
	GREATER  shift 81
	GREATER_EQUAL  shift 82
	LOGIC_AND  shift 83
	LOGIC_OR  shift 84
	.  error


state 165
	statement : assignment_stmt .  (38)

	.  reduce 38


state 166
	statement : if_stmt .  (39)

	.  reduce 39


state 167
	statement : for_stmt .  (42)

	.  reduce 42


state 168
	statement : method_invocation_stmt .  (46)

	.  reduce 46


state 169
	block_stmt : LCURBRA bullshit_list . RCURBRA  (50)

	RCURBRA  shift 193
	.  error


state 170
	assignment_stmt : lhs . ASSIGN expr SEMICOLON  (53)

	ASSIGN  shift 194
	.  error


state 171
	another_param : combine_var_decl SEMICOLON . another_param  (20)

	ID  shift 35
	.  error

	combine_var_decl  goto 139
	another_param  goto 195
	list_id  goto 99


state 172
	list_expr : expr COMMA list_expr .  (36)

	.  reduce 36


state 173
	member_access : expr DOT ID LPAREN list_expr RPAREN .  (97)

	.  reduce 97


state 174
	constructor : ID LPAREN list_params RPAREN SEMICOLON .  (34)

	.  reduce 34


state 175
	one_method : return_type ID LPAREN list_params RPAREN . SEMICOLON  (33)

	SEMICOLON  shift 196
	.  error


state 176
	one_method_decl : return_type ID DOUBLECOLON ID LPAREN list_params RPAREN block_stmt .  (9)

	.  reduce 9


state 177
	statement : BREAK SEMICOLON .  (43)

	.  reduce 43


state 178
	for_stmt : FOR ID . ASSIGN expr TO expr DO statement  (59)
	for_stmt : FOR ID . ASSIGN expr DOWNTO expr DO statement  (60)

	ASSIGN  shift 197
	.  error


state 179
	statement : CONTINUE SEMICOLON .  (44)

	.  reduce 44


state 180
	if_stmt : IF expr . THEN statement  (57)
	if_stmt : IF expr . THEN statement ELSE statement  (58)
	expr : expr . CONCAT expr  (74)
	expr : expr . LSQBRA expr RSQBRA  (75)
	arithmetic_expr : expr . ADD expr  (80)
	arithmetic_expr : expr . SUB expr  (81)
	arithmetic_expr : expr . MUL expr  (82)
	arithmetic_expr : expr . INT_DIV expr  (83)
	arithmetic_expr : expr . FLOAT_DIV expr  (84)
	arithmetic_expr : expr . MOD expr  (85)
	boolean_expr : expr . LOGIC_AND expr  (86)
	boolean_expr : expr . LOGIC_OR expr  (87)
	relational_expr : expr . EQUAL expr  (89)
	relational_expr : expr . NEQUAL expr  (90)
	relational_expr : expr . GREATER expr  (91)
	relational_expr : expr . LESS expr  (92)
	relational_expr : expr . GREATER_EQUAL expr  (93)
	relational_expr : expr . LESS_EQUAL expr  (94)
	member_access : expr . DOT ID  (95)
	member_access : expr . DOT ID LPAREN RPAREN  (96)
	member_access : expr . DOT ID LPAREN list_expr RPAREN  (97)

	LSQBRA  shift 67
	DOT  shift 69
	THEN  shift 198
	ADD  shift 70
	SUB  shift 71
	MUL  shift 72
	INT_DIV  shift 73
	FLOAT_DIV  shift 74
	MOD  shift 75
	LESS  shift 76
	LESS_EQUAL  shift 77
	NEQUAL  shift 78
	CONCAT  shift 79
	EQUAL  shift 80
	GREATER  shift 81
	GREATER_EQUAL  shift 82
	LOGIC_AND  shift 83
	LOGIC_OR  shift 84
	.  error


state 181
	statement : WHILE expr . DO statement  (40)
	expr : expr . CONCAT expr  (74)
	expr : expr . LSQBRA expr RSQBRA  (75)
	arithmetic_expr : expr . ADD expr  (80)
	arithmetic_expr : expr . SUB expr  (81)
	arithmetic_expr : expr . MUL expr  (82)
	arithmetic_expr : expr . INT_DIV expr  (83)
	arithmetic_expr : expr . FLOAT_DIV expr  (84)
	arithmetic_expr : expr . MOD expr  (85)
	boolean_expr : expr . LOGIC_AND expr  (86)
	boolean_expr : expr . LOGIC_OR expr  (87)
	relational_expr : expr . EQUAL expr  (89)
	relational_expr : expr . NEQUAL expr  (90)
	relational_expr : expr . GREATER expr  (91)
	relational_expr : expr . LESS expr  (92)
	relational_expr : expr . GREATER_EQUAL expr  (93)
	relational_expr : expr . LESS_EQUAL expr  (94)
	member_access : expr . DOT ID  (95)
	member_access : expr . DOT ID LPAREN RPAREN  (96)
	member_access : expr . DOT ID LPAREN list_expr RPAREN  (97)

	LSQBRA  shift 67
	DOT  shift 69
	DO  shift 199
	ADD  shift 70
	SUB  shift 71
	MUL  shift 72
	INT_DIV  shift 73
	FLOAT_DIV  shift 74
	MOD  shift 75
	LESS  shift 76
	LESS_EQUAL  shift 77
	NEQUAL  shift 78
	CONCAT  shift 79
	EQUAL  shift 80
	GREATER  shift 81
	GREATER_EQUAL  shift 82
	LOGIC_AND  shift 83
	LOGIC_OR  shift 84
	.  error


state 182
	statement : RETURN expr . SEMICOLON  (45)
	expr : expr . CONCAT expr  (74)
	expr : expr . LSQBRA expr RSQBRA  (75)
	arithmetic_expr : expr . ADD expr  (80)
	arithmetic_expr : expr . SUB expr  (81)
	arithmetic_expr : expr . MUL expr  (82)
	arithmetic_expr : expr . INT_DIV expr  (83)
	arithmetic_expr : expr . FLOAT_DIV expr  (84)
	arithmetic_expr : expr . MOD expr  (85)
	boolean_expr : expr . LOGIC_AND expr  (86)
	boolean_expr : expr . LOGIC_OR expr  (87)
	relational_expr : expr . EQUAL expr  (89)
	relational_expr : expr . NEQUAL expr  (90)
	relational_expr : expr . GREATER expr  (91)
	relational_expr : expr . LESS expr  (92)
	relational_expr : expr . GREATER_EQUAL expr  (93)
	relational_expr : expr . LESS_EQUAL expr  (94)
	member_access : expr . DOT ID  (95)
	member_access : expr . DOT ID LPAREN RPAREN  (96)
	member_access : expr . DOT ID LPAREN list_expr RPAREN  (97)

	LSQBRA  shift 67
	SEMICOLON  shift 200
	DOT  shift 69
	ADD  shift 70
	SUB  shift 71
	MUL  shift 72
	INT_DIV  shift 73
	FLOAT_DIV  shift 74
	MOD  shift 75
	LESS  shift 76
	LESS_EQUAL  shift 77
	NEQUAL  shift 78
	CONCAT  shift 79
	EQUAL  shift 80
	GREATER  shift 81
	GREATER_EQUAL  shift 82
	LOGIC_AND  shift 83
	LOGIC_OR  shift 84
	.  error


state 183
	lhs : ID .  (54)
	expr : ID .  (63)

	LSQBRA  reduce 63
	DOT  reduce 63
	ADD  reduce 63
	SUB  reduce 63
	MUL  reduce 63
	INT_DIV  reduce 63
	FLOAT_DIV  reduce 63
	MOD  reduce 63
	ASSIGN  reduce 54
	LESS  reduce 63
	LESS_EQUAL  reduce 63
	NEQUAL  reduce 63
	CONCAT  reduce 63
	EQUAL  reduce 63
	GREATER  reduce 63
	GREATER_EQUAL  reduce 63
	LOGIC_AND  reduce 63
	LOGIC_OR  reduce 63


state 184
	statement : REPEAT list_statements . UNTIL expr SEMICOLON  (41)

	UNTIL  shift 201
	.  error


state 185
	list_attributes_decl : attribute_decl list_attributes_decl .  (22)

	.  reduce 22


state 186
	bullshit_list : attribute_decl list_statements .  (52)

	.  reduce 52


state 187
	bullshit_list : attribute_decl bullshit_list .  (51)

	.  reduce 51


state 188
	block_stmt : LCURBRA list_attributes_decl RCURBRA .  (49)

	.  reduce 49


state 189
	block_stmt : LCURBRA list_statements RCURBRA .  (48)

	.  reduce 48


state 190
	list_statements : statement list_statements .  (24)

	.  reduce 24


state 191
	lhs : expr LSQBRA . expr RSQBRA  (56)
	expr : expr LSQBRA . expr RSQBRA  (75)

	ID  shift 37
	LPAREN  shift 38
	STRING_LIT  shift 39
	FLOAT_LIT  shift 40
	INT_LIT  shift 41
	BOOL_LIT  shift 42
	NULL  shift 43
	SELF  shift 44
	NEW  shift 45
	ADD  shift 46
	SUB  shift 47
	LOGIC_NOT  shift 48
	.  error

	expr  goto 202
	arithmetic_expr  goto 50
	boolean_expr  goto 51
	relational_expr  goto 52
	member_access  goto 53
	object_creation  goto 54


state 192
	lhs : expr DOT . ID  (55)
	method_invocation_stmt : expr DOT . ID LPAREN list_expr RPAREN SEMICOLON  (61)
	method_invocation_stmt : expr DOT . ID LPAREN RPAREN SEMICOLON  (62)
	member_access : expr DOT . ID  (95)
	member_access : expr DOT . ID LPAREN RPAREN  (96)
	member_access : expr DOT . ID LPAREN list_expr RPAREN  (97)

	ID  shift 203
	.  error


state 193
	block_stmt : LCURBRA bullshit_list RCURBRA .  (50)

	.  reduce 50


state 194
	assignment_stmt : lhs ASSIGN . expr SEMICOLON  (53)

	ID  shift 37
	LPAREN  shift 38
	STRING_LIT  shift 39
	FLOAT_LIT  shift 40
	INT_LIT  shift 41
	BOOL_LIT  shift 42
	NULL  shift 43
	SELF  shift 44
	NEW  shift 45
	ADD  shift 46
	SUB  shift 47
	LOGIC_NOT  shift 48
	.  error

	expr  goto 204
	arithmetic_expr  goto 50
	boolean_expr  goto 51
	relational_expr  goto 52
	member_access  goto 53
	object_creation  goto 54


state 195
	another_param : combine_var_decl SEMICOLON another_param .  (20)

	.  reduce 20


state 196
	one_method : return_type ID LPAREN list_params RPAREN SEMICOLON .  (33)

	.  reduce 33


state 197
	for_stmt : FOR ID ASSIGN . expr TO expr DO statement  (59)
	for_stmt : FOR ID ASSIGN . expr DOWNTO expr DO statement  (60)

	ID  shift 37
	LPAREN  shift 38
	STRING_LIT  shift 39
	FLOAT_LIT  shift 40
	INT_LIT  shift 41
	BOOL_LIT  shift 42
	NULL  shift 43
	SELF  shift 44
	NEW  shift 45
	ADD  shift 46
	SUB  shift 47
	LOGIC_NOT  shift 48
	.  error

	expr  goto 205
	arithmetic_expr  goto 50
	boolean_expr  goto 51
	relational_expr  goto 52
	member_access  goto 53
	object_creation  goto 54


state 198
	if_stmt : IF expr THEN . statement  (57)
	if_stmt : IF expr THEN . statement ELSE statement  (58)

	ID  shift 183
	LPAREN  shift 38
	LCURBRA  shift 137
	STRING_LIT  shift 39
	FLOAT_LIT  shift 40
	INT_LIT  shift 41
	BOOL_LIT  shift 42
	BREAK  shift 152
	FOR  shift 153
	NULL  shift 43
	CONTINUE  shift 154
	IF  shift 155
	SELF  shift 44
	WHILE  shift 156
	NEW  shift 45
	RETURN  shift 157
	REPEAT  shift 158
	ADD  shift 46
	SUB  shift 47
	LOGIC_NOT  shift 48
	.  error

	block_stmt  goto 160
	statement  goto 206
	expr  goto 164
	assignment_stmt  goto 165
	if_stmt  goto 166
	for_stmt  goto 167
	method_invocation_stmt  goto 168
	lhs  goto 170
	arithmetic_expr  goto 50
	boolean_expr  goto 51
	relational_expr  goto 52
	member_access  goto 53
	object_creation  goto 54


state 199
	statement : WHILE expr DO . statement  (40)

	ID  shift 183
	LPAREN  shift 38
	LCURBRA  shift 137
	STRING_LIT  shift 39
	FLOAT_LIT  shift 40
	INT_LIT  shift 41
	BOOL_LIT  shift 42
	BREAK  shift 152
	FOR  shift 153
	NULL  shift 43
	CONTINUE  shift 154
	IF  shift 155
	SELF  shift 44
	WHILE  shift 156
	NEW  shift 45
	RETURN  shift 157
	REPEAT  shift 158
	ADD  shift 46
	SUB  shift 47
	LOGIC_NOT  shift 48
	.  error

	block_stmt  goto 160
	statement  goto 207
	expr  goto 164
	assignment_stmt  goto 165
	if_stmt  goto 166
	for_stmt  goto 167
	method_invocation_stmt  goto 168
	lhs  goto 170
	arithmetic_expr  goto 50
	boolean_expr  goto 51
	relational_expr  goto 52
	member_access  goto 53
	object_creation  goto 54


state 200
	statement : RETURN expr SEMICOLON .  (45)

	.  reduce 45


state 201
	statement : REPEAT list_statements UNTIL . expr SEMICOLON  (41)

	ID  shift 37
	LPAREN  shift 38
	STRING_LIT  shift 39
	FLOAT_LIT  shift 40
	INT_LIT  shift 41
	BOOL_LIT  shift 42
	NULL  shift 43
	SELF  shift 44
	NEW  shift 45
	ADD  shift 46
	SUB  shift 47
	LOGIC_NOT  shift 48
	.  error

	expr  goto 208
	arithmetic_expr  goto 50
	boolean_expr  goto 51
	relational_expr  goto 52
	member_access  goto 53
	object_creation  goto 54


state 202
	lhs : expr LSQBRA expr . RSQBRA  (56)
	expr : expr . CONCAT expr  (74)
	expr : expr . LSQBRA expr RSQBRA  (75)
	expr : expr LSQBRA expr . RSQBRA  (75)
	arithmetic_expr : expr . ADD expr  (80)
	arithmetic_expr : expr . SUB expr  (81)
	arithmetic_expr : expr . MUL expr  (82)
	arithmetic_expr : expr . INT_DIV expr  (83)
	arithmetic_expr : expr . FLOAT_DIV expr  (84)
	arithmetic_expr : expr . MOD expr  (85)
	boolean_expr : expr . LOGIC_AND expr  (86)
	boolean_expr : expr . LOGIC_OR expr  (87)
	relational_expr : expr . EQUAL expr  (89)
	relational_expr : expr . NEQUAL expr  (90)
	relational_expr : expr . GREATER expr  (91)
	relational_expr : expr . LESS expr  (92)
	relational_expr : expr . GREATER_EQUAL expr  (93)
	relational_expr : expr . LESS_EQUAL expr  (94)
	member_access : expr . DOT ID  (95)
	member_access : expr . DOT ID LPAREN RPAREN  (96)
	member_access : expr . DOT ID LPAREN list_expr RPAREN  (97)

	LSQBRA  shift 67
	RSQBRA  shift 209
	DOT  shift 69
	ADD  shift 70
	SUB  shift 71
	MUL  shift 72
	INT_DIV  shift 73
	FLOAT_DIV  shift 74
	MOD  shift 75
	LESS  shift 76
	LESS_EQUAL  shift 77
	NEQUAL  shift 78
	CONCAT  shift 79
	EQUAL  shift 80
	GREATER  shift 81
	GREATER_EQUAL  shift 82
	LOGIC_AND  shift 83
	LOGIC_OR  shift 84
	.  error


state 203
	lhs : expr DOT ID .  (55)
	method_invocation_stmt : expr DOT ID . LPAREN list_expr RPAREN SEMICOLON  (61)
	method_invocation_stmt : expr DOT ID . LPAREN RPAREN SEMICOLON  (62)
	member_access : expr DOT ID .  (95)
	member_access : expr DOT ID . LPAREN RPAREN  (96)
	member_access : expr DOT ID . LPAREN list_expr RPAREN  (97)

	LPAREN  shift 210
	LSQBRA  reduce 95
	DOT  reduce 95
	ADD  reduce 95
	SUB  reduce 95
	MUL  reduce 95
	INT_DIV  reduce 95
	FLOAT_DIV  reduce 95
	MOD  reduce 95
	ASSIGN  reduce 55
	LESS  reduce 95
	LESS_EQUAL  reduce 95
	NEQUAL  reduce 95
	CONCAT  reduce 95
	EQUAL  reduce 95
	GREATER  reduce 95
	GREATER_EQUAL  reduce 95
	LOGIC_AND  reduce 95
	LOGIC_OR  reduce 95


state 204
	assignment_stmt : lhs ASSIGN expr . SEMICOLON  (53)
	expr : expr . CONCAT expr  (74)
	expr : expr . LSQBRA expr RSQBRA  (75)
	arithmetic_expr : expr . ADD expr  (80)
	arithmetic_expr : expr . SUB expr  (81)
	arithmetic_expr : expr . MUL expr  (82)
	arithmetic_expr : expr . INT_DIV expr  (83)
	arithmetic_expr : expr . FLOAT_DIV expr  (84)
	arithmetic_expr : expr . MOD expr  (85)
	boolean_expr : expr . LOGIC_AND expr  (86)
	boolean_expr : expr . LOGIC_OR expr  (87)
	relational_expr : expr . EQUAL expr  (89)
	relational_expr : expr . NEQUAL expr  (90)
	relational_expr : expr . GREATER expr  (91)
	relational_expr : expr . LESS expr  (92)
	relational_expr : expr . GREATER_EQUAL expr  (93)
	relational_expr : expr . LESS_EQUAL expr  (94)
	member_access : expr . DOT ID  (95)
	member_access : expr . DOT ID LPAREN RPAREN  (96)
	member_access : expr . DOT ID LPAREN list_expr RPAREN  (97)

	LSQBRA  shift 67
	SEMICOLON  shift 211
	DOT  shift 69
	ADD  shift 70
	SUB  shift 71
	MUL  shift 72
	INT_DIV  shift 73
	FLOAT_DIV  shift 74
	MOD  shift 75
	LESS  shift 76
	LESS_EQUAL  shift 77
	NEQUAL  shift 78
	CONCAT  shift 79
	EQUAL  shift 80
	GREATER  shift 81
	GREATER_EQUAL  shift 82
	LOGIC_AND  shift 83
	LOGIC_OR  shift 84
	.  error


state 205
	for_stmt : FOR ID ASSIGN expr . TO expr DO statement  (59)
	for_stmt : FOR ID ASSIGN expr . DOWNTO expr DO statement  (60)
	expr : expr . CONCAT expr  (74)
	expr : expr . LSQBRA expr RSQBRA  (75)
	arithmetic_expr : expr . ADD expr  (80)
	arithmetic_expr : expr . SUB expr  (81)
	arithmetic_expr : expr . MUL expr  (82)
	arithmetic_expr : expr . INT_DIV expr  (83)
	arithmetic_expr : expr . FLOAT_DIV expr  (84)
	arithmetic_expr : expr . MOD expr  (85)
	boolean_expr : expr . LOGIC_AND expr  (86)
	boolean_expr : expr . LOGIC_OR expr  (87)
	relational_expr : expr . EQUAL expr  (89)
	relational_expr : expr . NEQUAL expr  (90)
	relational_expr : expr . GREATER expr  (91)
	relational_expr : expr . LESS expr  (92)
	relational_expr : expr . GREATER_EQUAL expr  (93)
	relational_expr : expr . LESS_EQUAL expr  (94)
	member_access : expr . DOT ID  (95)
	member_access : expr . DOT ID LPAREN RPAREN  (96)
	member_access : expr . DOT ID LPAREN list_expr RPAREN  (97)

	LSQBRA  shift 67
	DOT  shift 69
	TO  shift 212
	DOWNTO  shift 213
	ADD  shift 70
	SUB  shift 71
	MUL  shift 72
	INT_DIV  shift 73
	FLOAT_DIV  shift 74
	MOD  shift 75
	LESS  shift 76
	LESS_EQUAL  shift 77
	NEQUAL  shift 78
	CONCAT  shift 79
	EQUAL  shift 80
	GREATER  shift 81
	GREATER_EQUAL  shift 82
	LOGIC_AND  shift 83
	LOGIC_OR  shift 84
	.  error


state 206
	if_stmt : IF expr THEN statement .  (57)
	if_stmt : IF expr THEN statement . ELSE statement  (58)

	ELSE  shift 214
	ID  reduce 57
	LPAREN  reduce 57
	LCURBRA  reduce 57
	RCURBRA  reduce 57
	STRING_LIT  reduce 57
	FLOAT_LIT  reduce 57
	INT_LIT  reduce 57
	BOOL_LIT  reduce 57
	BREAK  reduce 57
	FOR  reduce 57
	NULL  reduce 57
	CONTINUE  reduce 57
	IF  reduce 57
	UNTIL  reduce 57
	SELF  reduce 57
	WHILE  reduce 57
	NEW  reduce 57
	RETURN  reduce 57
	REPEAT  reduce 57
	ADD  reduce 57
	SUB  reduce 57
	LOGIC_NOT  reduce 57


state 207
	statement : WHILE expr DO statement .  (40)

	.  reduce 40


state 208
	statement : REPEAT list_statements UNTIL expr . SEMICOLON  (41)
	expr : expr . CONCAT expr  (74)
	expr : expr . LSQBRA expr RSQBRA  (75)
	arithmetic_expr : expr . ADD expr  (80)
	arithmetic_expr : expr . SUB expr  (81)
	arithmetic_expr : expr . MUL expr  (82)
	arithmetic_expr : expr . INT_DIV expr  (83)
	arithmetic_expr : expr . FLOAT_DIV expr  (84)
	arithmetic_expr : expr . MOD expr  (85)
	boolean_expr : expr . LOGIC_AND expr  (86)
	boolean_expr : expr . LOGIC_OR expr  (87)
	relational_expr : expr . EQUAL expr  (89)
	relational_expr : expr . NEQUAL expr  (90)
	relational_expr : expr . GREATER expr  (91)
	relational_expr : expr . LESS expr  (92)
	relational_expr : expr . GREATER_EQUAL expr  (93)
	relational_expr : expr . LESS_EQUAL expr  (94)
	member_access : expr . DOT ID  (95)
	member_access : expr . DOT ID LPAREN RPAREN  (96)
	member_access : expr . DOT ID LPAREN list_expr RPAREN  (97)

	LSQBRA  shift 67
	SEMICOLON  shift 215
	DOT  shift 69
	ADD  shift 70
	SUB  shift 71
	MUL  shift 72
	INT_DIV  shift 73
	FLOAT_DIV  shift 74
	MOD  shift 75
	LESS  shift 76
	LESS_EQUAL  shift 77
	NEQUAL  shift 78
	CONCAT  shift 79
	EQUAL  shift 80
	GREATER  shift 81
	GREATER_EQUAL  shift 82
	LOGIC_AND  shift 83
	LOGIC_OR  shift 84
	.  error


state 209
	lhs : expr LSQBRA expr RSQBRA .  (56)
	expr : expr LSQBRA expr RSQBRA .  (75)

	LSQBRA  reduce 75
	DOT  reduce 75
	ADD  reduce 75
	SUB  reduce 75
	MUL  reduce 75
	INT_DIV  reduce 75
	FLOAT_DIV  reduce 75
	MOD  reduce 75
	ASSIGN  reduce 56
	LESS  reduce 75
	LESS_EQUAL  reduce 75
	NEQUAL  reduce 75
	CONCAT  reduce 75
	EQUAL  reduce 75
	GREATER  reduce 75
	GREATER_EQUAL  reduce 75
	LOGIC_AND  reduce 75
	LOGIC_OR  reduce 75


state 210
	method_invocation_stmt : expr DOT ID LPAREN . list_expr RPAREN SEMICOLON  (61)
	method_invocation_stmt : expr DOT ID LPAREN . RPAREN SEMICOLON  (62)
	member_access : expr DOT ID LPAREN . RPAREN  (96)
	member_access : expr DOT ID LPAREN . list_expr RPAREN  (97)

	ID  shift 37
	LPAREN  shift 38
	RPAREN  shift 216
	STRING_LIT  shift 39
	FLOAT_LIT  shift 40
	INT_LIT  shift 41
	BOOL_LIT  shift 42
	NULL  shift 43
	SELF  shift 44
	NEW  shift 45
	ADD  shift 46
	SUB  shift 47
	LOGIC_NOT  shift 48
	.  error

	expr  goto 129
	list_expr  goto 217
	arithmetic_expr  goto 50
	boolean_expr  goto 51
	relational_expr  goto 52
	member_access  goto 53
	object_creation  goto 54


state 211
	assignment_stmt : lhs ASSIGN expr SEMICOLON .  (53)

	.  reduce 53


state 212
	for_stmt : FOR ID ASSIGN expr TO . expr DO statement  (59)

	ID  shift 37
	LPAREN  shift 38
	STRING_LIT  shift 39
	FLOAT_LIT  shift 40
	INT_LIT  shift 41
	BOOL_LIT  shift 42
	NULL  shift 43
	SELF  shift 44
	NEW  shift 45
	ADD  shift 46
	SUB  shift 47
	LOGIC_NOT  shift 48
	.  error

	expr  goto 218
	arithmetic_expr  goto 50
	boolean_expr  goto 51
	relational_expr  goto 52
	member_access  goto 53
	object_creation  goto 54


state 213
	for_stmt : FOR ID ASSIGN expr DOWNTO . expr DO statement  (60)

	ID  shift 37
	LPAREN  shift 38
	STRING_LIT  shift 39
	FLOAT_LIT  shift 40
	INT_LIT  shift 41
	BOOL_LIT  shift 42
	NULL  shift 43
	SELF  shift 44
	NEW  shift 45
	ADD  shift 46
	SUB  shift 47
	LOGIC_NOT  shift 48
	.  error

	expr  goto 219
	arithmetic_expr  goto 50
	boolean_expr  goto 51
	relational_expr  goto 52
	member_access  goto 53
	object_creation  goto 54


state 214
	if_stmt : IF expr THEN statement ELSE . statement  (58)

	ID  shift 183
	LPAREN  shift 38
	LCURBRA  shift 137
	STRING_LIT  shift 39
	FLOAT_LIT  shift 40
	INT_LIT  shift 41
	BOOL_LIT  shift 42
	BREAK  shift 152
	FOR  shift 153
	NULL  shift 43
	CONTINUE  shift 154
	IF  shift 155
	SELF  shift 44
	WHILE  shift 156
	NEW  shift 45
	RETURN  shift 157
	REPEAT  shift 158
	ADD  shift 46
	SUB  shift 47
	LOGIC_NOT  shift 48
	.  error

	block_stmt  goto 160
	statement  goto 220
	expr  goto 164
	assignment_stmt  goto 165
	if_stmt  goto 166
	for_stmt  goto 167
	method_invocation_stmt  goto 168
	lhs  goto 170
	arithmetic_expr  goto 50
	boolean_expr  goto 51
	relational_expr  goto 52
	member_access  goto 53
	object_creation  goto 54


state 215
	statement : REPEAT list_statements UNTIL expr SEMICOLON .  (41)

	.  reduce 41


state 216
	method_invocation_stmt : expr DOT ID LPAREN RPAREN . SEMICOLON  (62)
	member_access : expr DOT ID LPAREN RPAREN .  (96)

	SEMICOLON  shift 221
	LSQBRA  reduce 96
	DOT  reduce 96
	ADD  reduce 96
	SUB  reduce 96
	MUL  reduce 96
	INT_DIV  reduce 96
	FLOAT_DIV  reduce 96
	MOD  reduce 96
	LESS  reduce 96
	LESS_EQUAL  reduce 96
	NEQUAL  reduce 96
	CONCAT  reduce 96
	EQUAL  reduce 96
	GREATER  reduce 96
	GREATER_EQUAL  reduce 96
	LOGIC_AND  reduce 96
	LOGIC_OR  reduce 96


state 217
	method_invocation_stmt : expr DOT ID LPAREN list_expr . RPAREN SEMICOLON  (61)
	member_access : expr DOT ID LPAREN list_expr . RPAREN  (97)

	RPAREN  shift 222
	.  error


state 218
	for_stmt : FOR ID ASSIGN expr TO expr . DO statement  (59)
	expr : expr . CONCAT expr  (74)
	expr : expr . LSQBRA expr RSQBRA  (75)
	arithmetic_expr : expr . ADD expr  (80)
	arithmetic_expr : expr . SUB expr  (81)
	arithmetic_expr : expr . MUL expr  (82)
	arithmetic_expr : expr . INT_DIV expr  (83)
	arithmetic_expr : expr . FLOAT_DIV expr  (84)
	arithmetic_expr : expr . MOD expr  (85)
	boolean_expr : expr . LOGIC_AND expr  (86)
	boolean_expr : expr . LOGIC_OR expr  (87)
	relational_expr : expr . EQUAL expr  (89)
	relational_expr : expr . NEQUAL expr  (90)
	relational_expr : expr . GREATER expr  (91)
	relational_expr : expr . LESS expr  (92)
	relational_expr : expr . GREATER_EQUAL expr  (93)
	relational_expr : expr . LESS_EQUAL expr  (94)
	member_access : expr . DOT ID  (95)
	member_access : expr . DOT ID LPAREN RPAREN  (96)
	member_access : expr . DOT ID LPAREN list_expr RPAREN  (97)

	LSQBRA  shift 67
	DOT  shift 69
	DO  shift 223
	ADD  shift 70
	SUB  shift 71
	MUL  shift 72
	INT_DIV  shift 73
	FLOAT_DIV  shift 74
	MOD  shift 75
	LESS  shift 76
	LESS_EQUAL  shift 77
	NEQUAL  shift 78
	CONCAT  shift 79
	EQUAL  shift 80
	GREATER  shift 81
	GREATER_EQUAL  shift 82
	LOGIC_AND  shift 83
	LOGIC_OR  shift 84
	.  error


state 219
	for_stmt : FOR ID ASSIGN expr DOWNTO expr . DO statement  (60)
	expr : expr . CONCAT expr  (74)
	expr : expr . LSQBRA expr RSQBRA  (75)
	arithmetic_expr : expr . ADD expr  (80)
	arithmetic_expr : expr . SUB expr  (81)
	arithmetic_expr : expr . MUL expr  (82)
	arithmetic_expr : expr . INT_DIV expr  (83)
	arithmetic_expr : expr . FLOAT_DIV expr  (84)
	arithmetic_expr : expr . MOD expr  (85)
	boolean_expr : expr . LOGIC_AND expr  (86)
	boolean_expr : expr . LOGIC_OR expr  (87)
	relational_expr : expr . EQUAL expr  (89)
	relational_expr : expr . NEQUAL expr  (90)
	relational_expr : expr . GREATER expr  (91)
	relational_expr : expr . LESS expr  (92)
	relational_expr : expr . GREATER_EQUAL expr  (93)
	relational_expr : expr . LESS_EQUAL expr  (94)
	member_access : expr . DOT ID  (95)
	member_access : expr . DOT ID LPAREN RPAREN  (96)
	member_access : expr . DOT ID LPAREN list_expr RPAREN  (97)

	LSQBRA  shift 67
	DOT  shift 69
	DO  shift 224
	ADD  shift 70
	SUB  shift 71
	MUL  shift 72
	INT_DIV  shift 73
	FLOAT_DIV  shift 74
	MOD  shift 75
	LESS  shift 76
	LESS_EQUAL  shift 77
	NEQUAL  shift 78
	CONCAT  shift 79
	EQUAL  shift 80
	GREATER  shift 81
	GREATER_EQUAL  shift 82
	LOGIC_AND  shift 83
	LOGIC_OR  shift 84
	.  error


state 220
	if_stmt : IF expr THEN statement ELSE statement .  (58)

	.  reduce 58


state 221
	method_invocation_stmt : expr DOT ID LPAREN RPAREN SEMICOLON .  (62)

	.  reduce 62


state 222
	method_invocation_stmt : expr DOT ID LPAREN list_expr RPAREN . SEMICOLON  (61)
	member_access : expr DOT ID LPAREN list_expr RPAREN .  (97)

	SEMICOLON  shift 225
	LSQBRA  reduce 97
	DOT  reduce 97
	ADD  reduce 97
	SUB  reduce 97
	MUL  reduce 97
	INT_DIV  reduce 97
	FLOAT_DIV  reduce 97
	MOD  reduce 97
	LESS  reduce 97
	LESS_EQUAL  reduce 97
	NEQUAL  reduce 97
	CONCAT  reduce 97
	EQUAL  reduce 97
	GREATER  reduce 97
	GREATER_EQUAL  reduce 97
	LOGIC_AND  reduce 97
	LOGIC_OR  reduce 97


state 223
	for_stmt : FOR ID ASSIGN expr TO expr DO . statement  (59)

	ID  shift 183
	LPAREN  shift 38
	LCURBRA  shift 137
	STRING_LIT  shift 39
	FLOAT_LIT  shift 40
	INT_LIT  shift 41
	BOOL_LIT  shift 42
	BREAK  shift 152
	FOR  shift 153
	NULL  shift 43
	CONTINUE  shift 154
	IF  shift 155
	SELF  shift 44
	WHILE  shift 156
	NEW  shift 45
	RETURN  shift 157
	REPEAT  shift 158
	ADD  shift 46
	SUB  shift 47
	LOGIC_NOT  shift 48
	.  error

	block_stmt  goto 160
	statement  goto 226
	expr  goto 164
	assignment_stmt  goto 165
	if_stmt  goto 166
	for_stmt  goto 167
	method_invocation_stmt  goto 168
	lhs  goto 170
	arithmetic_expr  goto 50
	boolean_expr  goto 51
	relational_expr  goto 52
	member_access  goto 53
	object_creation  goto 54


state 224
	for_stmt : FOR ID ASSIGN expr DOWNTO expr DO . statement  (60)

	ID  shift 183
	LPAREN  shift 38
	LCURBRA  shift 137
	STRING_LIT  shift 39
	FLOAT_LIT  shift 40
	INT_LIT  shift 41
	BOOL_LIT  shift 42
	BREAK  shift 152
	FOR  shift 153
	NULL  shift 43
	CONTINUE  shift 154
	IF  shift 155
	SELF  shift 44
	WHILE  shift 156
	NEW  shift 45
	RETURN  shift 157
	REPEAT  shift 158
	ADD  shift 46
	SUB  shift 47
	LOGIC_NOT  shift 48
	.  error

	block_stmt  goto 160
	statement  goto 227
	expr  goto 164
	assignment_stmt  goto 165
	if_stmt  goto 166
	for_stmt  goto 167
	method_invocation_stmt  goto 168
	lhs  goto 170
	arithmetic_expr  goto 50
	boolean_expr  goto 51
	relational_expr  goto 52
	member_access  goto 53
	object_creation  goto 54


state 225
	method_invocation_stmt : expr DOT ID LPAREN list_expr RPAREN SEMICOLON .  (61)

	.  reduce 61


state 226
	for_stmt : FOR ID ASSIGN expr TO expr DO statement .  (59)

	.  reduce 59


state 227
	for_stmt : FOR ID ASSIGN expr DOWNTO expr DO statement .  (60)

	.  reduce 60


63 terminals, 42 nonterminals
113 grammar rules, 228 states
